43206 48261 39691 34334 38638 30495 4163 41756 48847 21708 
28796 33487 23065 24238 305 8210 18983 45231 41286 26580 
19072 17976 9653 10435 47040 40304 27738 24173 19074 48921 
1918 25767 41357 38320 44768 41435 49032 3758 44564 41853 
16784 31922 25181 3195 16671 37049 43042 41360 22914 4325 
7647 15232 11984 3540 45956 2308 1890 32069 10580 32224 
34889 43392 7087 36942 6933 2910 11028 33244 42010 24602 
19264 40450 21068 41587 32751 35955 7182 30723 26069 35735 
8292 34495 31538 36124 42321 26200 27617 34900 17504 47677 
41360 47506 29689 4370 17114 17807 31555 34435 1664 24754 
46010 43732 38035 48551 22451 4963 13954 24783 37868 491 
27359 48615 40200 17651 3458 17454 27160 11896 28968 6366 
21484 369 33590 15707 3313 45834 45231 24096 3426 38320 
21514 28796 23022 37371 5855 34692 44359 46064 11547 24621 
43462 41423 21951 12833 12447 15777 9722 9447 43242 44116 
45739 3183 3959 35051 36109 45231 31555 18117 46387 23967 
43462 20032 489 33024 12462 23248 23950 16939 3087 33919 
41587 28453 36454 39210 26338 12480 48806 44666 5487 39322 
14472 1695 27822 12021 35269 11533 38387 19695 20 24948 
45686 19992 11026 30395 19665 33165 35381 25767 29704 38090 
1574 21235 49570 22903 32881 25488 38146 37639 32303 46732 
12255 20417 42350 28393 48681 37163 6340 37293 42193 45772 
48055 16912 2357 227 31118 27846 34692 35662 45666 21570 
8131 5592 24757 13555 43623 44369 49713 16671 17733 37290 
5802 46128 15166 27678 7984 27739 43011 34692 38777 10151 
22848 7868 42667 23477 43068 49641 28502 22913 21683 14155 
33283 12480 26120 11940 28453 5472 13983 21003 41058 46031 
1994 1842 21006 44549 46543 37784 33117 24021 3763 35932 
36429 38132 9062 18985 47002 23205 39528 12462 10492 28732 
40122 16091 34868 33216 44349 37405 44666 35594 9224 41674 
49822 28693 3068 37041 37639 18580 6056 17699 5472 7610 
43922 14076 46673 21258 25507 2941 12023 45030 45711 43916 
14913 34935 19006 7670 24699 26788 16881 49150 12435 7224 
22475 9760 40782 27517 300 23455 2442 14841 39069 5926 
20154 3195 40766 37049 21419 37163 21240 26115 34469 39758 
40061 39691 42524 49133 41835 25024 6963 33780 945 31647 
14970 23368 27561 44404 34435 41724 4494 39753 47935 43599 
29111 36429 28898 41649 29690 10391 27506 7803 44344 16258 
12244 29866 20576 15184 9200 45367 38782 17009 5265 15166 
30647 46260 49430 25815 24495 13965 11539 26586 20364 34491 
44821 3309 34646 32914 36398 13177 10958 42672 28659 32584 
34570 5656 12652 3187 19057 24487 24197 23506 22715 1769 
40979 33990 7805 45743 10881 7655 10792 38345 6556 24173 
41722 8875 43999 6676 695 27506 19160 33024 6963 31079 
29118 11513 9769 48055 32725 5265 10792 11217 48847 22146 
36915 20242 47007 45034 18823 14479 16579 3615 600 47680 
13967 5364 19401 5155 40061 30816 9264 43887 7768 47090 
4370 21331 13479 14975 16915 20789 2188 45590 28334 18041 
47 19703 48681 17518 12973 6154 12060 24065 21693 28203 
3901 41357 33244 7009 43074 38959 30099 16381 5155 12818 
10792 19432 25444 11264 20563 9001 34926 22875 27247 46187 
20032 21084 22528 19974 3615 21448 47252 38698 35662 9892 
20781 1403 37689 14413 24075 1643 21331 18726 32842 619 
506 2650 14300 30317 47510 41271 20939 34349 7635 29595 
32303 12365 26044 12462 23495 44564 48129 43797 46791 34178 
29478 12245 18203 41360 27112 44139 14182 36222 20626 896 
29747 35051 38951 33558 47735 38261 31647 9899 29587 40200 
36420 15047 1498 771 14004 37868 19816 5693 29050 34491 
27160 49018 8581 4270 45173 36931 43462 39069 33027 33008 
24798 37843 7635 24105 37326 12046 38148 25394 13017 32609 
36913 25796 49556 34528 40778 34840 33781 12814 4990 9405 
45866 34814 17105 48901 2215 41447 35902 17807 20781 8644 
22034 13570 21683 46830 47935 21330 36253 47066 44237 48769 
4930 8705 11422 11942 34889 20296 3313 12140 38152 11703 
27617 21331 48769 11547 29037 24105 34299 48681 41320 32886 
12499 21157 11547 32355 13111 15771 14913 12897 33687 46214 
14076 28122 23319 925 18268 47602 19726 16134 49437 24898 
48769 21109 40456 11984 43209 45173 14472 10108 22715 39736 
14707 30253 20296 13798 32224 18088 30402 38261 13263 13466 
21090 32082 26544 9688 5206 33877 30397 38639 4343 12757 
37800 10169 10792 36251 14888 38440 34329 9761 33353 24028 
11359 38098 34470 9876 45766 21330 40789 41360 10792 8802 
32609 42321 21208 37053 37193 8639 31805 47622 18118 14472 
33806 48230 18117 3787 45396 6550 24391 26425 5707 20769 
40901 6988 33029 38266 22206 49556 48806 41222 38960 15433 
44821 6823 49801 30816 39691 41053 16476 32751 20928 31297 
401 33418 23885 11784 20979 14085 18719 40646 31759 30936 
7079 20364 28796 23277 8184 47542 39191 15802 23423 46161 
15876 25527 15113 29849 4963 38320 37726 6481 15599 9956 
10006 3531 46543 6401 7984 45217 42940 15047 10102 33144 
49512 37564 3564 6258 17651 23317 46653 32751 47177 28483 
14006 35929 10107 12480 22875 17105 48567 13813 11004 21708 
43623 34221 24105 32881 8131 7015 46294 5158 35277 3516 
47389 12462 21910 48435 16039 21330 11422 40167 20979 5423 
41587 6988 43819 39322 1516 21014 17847 48659 31708 48662 
22363 8301 32984 36942 20296 1574 41335 27430 45956 15966 
48214 49368 26436 27846 10690 17773 29850 26688 38676 41696 
15345 33440 31173 9370 5110 49623 11793 8410 36231 33008 
46448 28781 38525 369 20842 33939 48258 49276 23065 44482 
18438 29483 11786 16290 26226 17824 5244 29747 36783 32007 
18184 32134 26987 38500 21424 43916 40313 14076 15583 35086 
29929 7655 5738 44564 2650 12703 33647 3713 37534 48692 
22775 21331 46146 2712 10690 39145 15199 369 37389 23549 
16060 22848 815 16939 32881 26722 23668 11959 4946 28762 
42273 25911 1842 27957 21283 8705 19196 45739 14642 3313 
40459 5877 18088 38525 47439 34349 10516 13117 21014 191 
31329 44871 13767 44297 18540 39617 876 14187 3894 17718 
2816 44004 21283 34795 27318 10459 43993 47829 16791 8629 
12652 31519 7635 25837 4930 6163 16438 21910 38472 3679 
35932 49805 9375 43887 22028 32339 8807 21738 34840 17910 
48879 27765 21425 20846 43916 15707 32685 48300 40859 6988 
33485 14870 44690 31863 35252 39517 48808 22253 22775 13954 
21330 39238 25964 7689 48502 27822 46791 34469 46552 13724 
191 46072 20610 46910 16821 49862 12833 21432 43355 33681 
23338 5472 47537 8550 8157 23773 16525 45739 29824 27122 
41932 16060 35606 28907 59 22223 23967 17043 41853 13285 
2709 29233 10972 16890 31712 49044 24773 49360 18817 32837 
28708 33590 45030 16881 37631 23495 12799 38959 18406 3656 
13968 8867 15433 36033 38846 31818 14772 29279 10690 27846 
28693 42733 39753 720 12799 19648 5487 34638 20781 38090 
22848 7447 16942 26385 2428 37824 25971 9769 33942 26749 
46673 36429 16151 6258 45892 11940 46713 10522 3900 16258 
47205 18507 28502 6823 4163 43275 28898 9535 25550 48055 
12521 39435 22715 369 6823 21951 27203 7805 2511 1695 
9704 42883 34520 24931 46673 41974 2359 7515 20789 21265 
46260 48769 45173 29521 32671 2786 16924 20921 32955 46173 
26485 39322 40200 9722 8184 34926 19403 27672 41271 4854 
23726 41724 49094 8644 5155 29657 12324 26804 4855 34692 
24075 39875 45739 47692 39691 29279 5071 10191 44349 18210 
34850 31118 27327 21910 25971 8184 9938 19716 33440 17583 
24123 33470 5367 24655 18599 37639 34830 33619 1890 20352 
32886 8516 9770 31173 30543 973 23422 2308 23338 2234 
12143 36634 19791 27738 12270 46718 31727 48502 8550 14301 
45739 16370 32342 22775 46212 8080 20156 26195 23793 25501 
26788 25437 5219 16060 28378 45888 8767 8184 43349 28453 
12021 33919 9378 31320 8719 14707 6373 30586 24723 31412 
35844 3087 6963 36520 39435 27160 22913 28334 25940 12368 
29232 22416 38479 20781 37982 22630 46409 28703 918 14085 
45590 37868 4279 18736 23924 32508 20842 35051 14913 44186 
16039 15977 33922 33780 23544 41058 37371 18736 12558 47409 
41724 24743 19593 12818 24028 21424 40903 3771 47156 2591 
16140 23678 1796 23378 40084 31647 8080 26192 5472 6692 
26716 389 16402 775 7562 14611 29412 15771 25394 20026 
33027 3364 46010 21424 12526 16060 34470 8073 11042 29454 
1994 20781 42998 16039 40369 32550 7407 27487 36381 46713 
17473 23678 14113 14398 31338 48285 23619 10151 48769 37639 
48765 43497 17846 14832 15526 27481 11940 17892 47935 49133 
38627 26580 17807 26556 5123 21789 30495 20063 19837 1139 
37868 15665 369 17165 39875 10215 18533 8581 23481 37591 
21441 36205 12601 27160 19592 14498 35424 9610 11600 3418 
19577 9001 25133 9722 21872 6988 8437 48769 13357 11513 
7647 12462 4468 10792 23854 19353 32984 20610 8239 39322 
41883 41853 25284 12103 28203 14720 41018 40061 33345 26841 
34582 17632 12529 41587 21387 43093 6988 11406 24096 44649 
10589 35915 35452 23065 49512 30970 46713 48402 46358 45881 
13387 18555 42543 28382 5145 38627 26074 46552 17504 4246 
46543 47978 29784 4910 7997 45154 32082 22028 1842 31827 
22212 35778 597 7449 34469 40008 37319 4358 12799 24019 
5724 32751 47202 46830 37639 48917 24515 412 25122 17578 
32984 40535 43988 14913 25634 4494 49623 15154 39016 33074 
21330 48551 32960 46673 18186 5495 37466 29378 36625 10048 
12143 8184 9264 8115 1125 16780 775 43093 49317 35868 
32955 22724 37410 9581 16400 14913 25247 16784 35770 25325 
11092 47939 7096 28629 38140 21265 27160 25133 41634 42938 
3379 22775 42274 36936 3564 44297 36218 46863 16073 20296 
18630 26736 16739 9803 48073 48551 44741 25563 17915 45231 
40126 41325 20364 46049 12480 7404 30076 30458 28763 32881 
35932 23588 9459 41665 45686 19401 47680 7056 34299 38320 
37320 30647 26556 20979 47205 7984 4494 27122 1125 6981 
1574 7768 36497 20304 4253 369 7694 32355 37147 40992 
29037 8644 43887 15565 38791 42391 30484 43462 47330 40439 
27486 46358 23248 35474 1774 43691 26639 17628 43732 4143 
31037 6009 13488 10328 24852 38821 19904 43862 14779 36038 
48397 47439 7709 7380 12889 30081 20129 22092 48055 18665 
22879 16939 30337 43462 7647 12039 28043 1182 33440 925 
39167 4881 37150 20352 26338 40195 33558 37258 45739 33079 
12799 12021 48132 709 45881 9385 8080 27290 30544 19158 
27481 14151 44160 46832 35048 18810 248 8073 18834 43691 
45866 34491 18061 17245 29704 29037 9735 49104 24252 29279 
16924 4432 8754 48603 48866 925 26170 32702 46713 32914 
44239 2291 26699 47482 19695 23701 2511 46919 28336 46761 
39691 48243 40535 16791 4728 2762 17271 3590 8239 16881 
8292 28502 771 28249 9207 45866 33780 41625 48257 44498 
17814 15802 4417 41106 45068 14841 44237 47578 26395 47939 
33580 37631 42942 10239 21331 32065 17159 38357 11435 45644 
40316 8554 5158 28747 28322 11927 46713 24698 2852 44236 
41052 15665 21327 31002 14113 6390 18156 40646 35252 48898 
21142 24715 2641 38452 43201 48052 42248 5802 34692 6901 
12098 24852 20781 41308 36208 650 48303 1643 45405 20907 
49429 27544 35662 28525 48336 12553 35722 43070 40345 41587 
21910 1364 44652 12480 9173 3516 34642 19810 9184 7805 
18349 3901 41696 5936 18447 37900 6378 11291 23678 28678 
14841 32416 8097 48551 2511 35047 44564 44980 1858 46187 
45881 24044 16924 9370 35662 31187 25437 12828 35735 46358 
31423 12549 15819 35875 8092 10277 48055 15166 42598 40860 
12462 11632 25125 27112 15676 32923 9892 20427 35424 41724 
21330 19791 8884 4564 20610 22781 12431 40860 20296 31304 
9805 28385 33342 19273 300 27695 31712 30473 28662 15707 
47578 18123 18406 35932 18615 13622 46236 27886 34961 24342 
6591 30099 4737 10107 14856 47692 30685 27481 39691 22775 
33440 48502 29118 45173 8807 45888 5206 48930 9535 20587 
24783 13017 20115 33590 32275 369 32609 31862 7505 1115 
46653 32886 49331 30151 9295 36994 39279 14888 30007 35786 
46506 49298 21510 48261 23423 30266 26349 6735 7899 23950 
12053 36911 44114 15819 46212 16581 37003 43312 9370 32955 
47002 12365 20379 10006 28378 48261 4358 29279 29037 22183 
9152 16060 48335 25724 41271 35770 26832 36884 22659 20364 
30834 23511 34252 15911 46675 40903 13176 26688 40167 30620 
19401 32196 27822 35844 25971 41853 48502 39528 49016 1960 
18188 9535 44086 12980 16683 30022 48990 45068 26600 46072 
4854 47090 17847 8020 11437 24126 20610 20115 3292 24487 
33440 20789 39475 47 22550 35722 19791 3774 26580 49133 
27160 25247 7515 4599 9405 46713 35929 28399 46910 6823 
15676 41360 23037 1813 13387 8644 48044 48979 27822 46954 
46603 33074 40304 9938 35602 3326 45666 44237 44821 21119 
12046 9498 4058 30666 8867 6550 2769 26407 26103 29559 
10098 21014 43355 12480 33053 1643 6288 119 12138 32343 
30511 32078 21951 20626 15621 33243 48567 3969 41587 43559 
26640 41360 48990 25133 36033 48179 15537 36801 8792 19791 
26544 1842 48261 37783 11078 47492 32082 42364 46543 46010 
47472 32979 33487 14913 42159 8092 16652 30760 24105 23507 
38583 12480 24715 11734 42285 13941 10492 15077 14707 49706 
45396 29689 314 3195 13555 9722 35728 37528 26061 31647 
5158 17733 36942 40341 6390 15833 38821 34534 709 4270 
28536 48769 41377 7123 46948 32609 18238 44276 6361 47605 
48681 20979 8746 29037 33647 6340 3195 31490 46910 10641 
26787 41645 12365 48129 6963 4617 21967 18118 46456 26637 
27978 46387 16834 8105 42479 31555 43900 9184 37395 26315 
10435 28076 619 3136 48243 18334 17348 33216 23086 1395 
10792 39301 19675 25749 35997 17824 7311 23495 21090 43206 
47142 33767 28325 3894 39527 5244 16304 12365 48055 16476 
27318 44004 4543 40903 32558 47751 33165 16060 42843 11406 
22530 18918 8062 47735 39528 4459 20626 16324 7651 22425 
45321 14870 45772 34172 44834 19737 31118 33590 42524 36126 
9370 21708 12230 650 36265 20781 32955 11418 31359 18918 
33859 33847 16043 32979 21910 8822 22775 40282 2 44082 
8807 15565 10792 1526 20703 27160 35530 40059 369 24105 
5158 16134 21570 47728 34646 26688 33647 25135 24105 23319 
20764 28977 15821 13495 19747 77 19705 6162 9001 187 
45686 35269 1947 44741 30443 21951 39435 20983 30647 42543 
38917 1125 20032 17361 13967 37639 47680 7685 18207 32375 
48979 10351 20883 48681 9956 21142 13542 31529 34868 49384 
16924 41558 43149 22975 11026 31727 30836 14038 43528 29495 
45018 30006 39830 6023 26580 7806 41932 12462 21708 22212 
35467 48806 11309 28453 29690 6596 49707 10351 15511 22206 
38525 18142 15844 17504 29483 38479 29129 33139 9136 37041 
47066 3676 22775 37528 44062 8550 18348 12138 39040 12860 
47124 21096 14391 36862 25724 25857 18347 17150 13217 8184 
46448 46543 16010 42733 45877 13827 29559 41853 10987 3938 
34172 27482 33576 43462 44851 3894 41634 44004 21387 3309 
22040 35584 8913 17985 46713 9179 8175 10690 24062 9184 
33948 4761 31547 10847 13813 7893 2731 6692 115 14707 
12462 44711 46528 26195 42257 13210 29485 40399 41271 15208 
18447 12365 13305 1182 35929 27364 49368 45739 12572 49656 
31318 3195 18599 24372 31173 15196 13539 30323 36884 16579 
6437 21458 43068 2068 8356 33942 39938 28763 14182 32751 
48681 44238 8722 30337 46543 48214 8131 40478 33647 9597 
19464 47040 14888 12462 2308 47174 23907 49902 34641 32078 
49663 24515 27739 44533 10804 24704 29657 45739 23880 34520 
10107 33027 21085 39040 24197 5936 32955 5915 7505 31647 
15771 26716 15600 18268 18836 41058 16233 46759 41197 38676 
10522 24715 35770 3787 14074 4042 7009 12480 4713 32275 
28043 44871 24539 35266 43093 9610 19219 6823 20307 41125 
22748 35929 12480 31235 26074 34178 29132 11459 34172 11321 
24534 12480 1251 32602 27122 26841 46072 35742 37882 22748 
45686 43993 7868 39517 46675 37426 23382 13914 35483 22026 
33244 24239 8539 463 7079 10690 40617 49805 49366 32722 
40082 38951 923 5490 22875 7689 33074 32262 21910 15154 
22124 21708 3771 6908 35451 17632 18175 22748 3671 28695 
18117 2639 15700 8550 49133 31430 6676 16122 1956 3516 
25133 33780 4370 22550 13479 9134 7719 33189 41984 28898 
4052 7021 43610 41360 20587 8850 3759 27327 46543 22875 
47700 21592 38525 41176 42193 21330 41639 15996 49773 13460 
25144 36349 9139 37659 48502 33497 22394 11000 16129 32007 
40412 7056 16917 18540 19643 9172 32082 35538 3637 24658 
26832 3656 10399 14209 7449 7985 16146 34926 7056 41058 
29888 1497 14744 49454 30085 44923 44431 6901 15977 49646 
1479 10781 33008 10733 32082 12143 12650 1924 22779 9535 
7458 46719 6093 45590 45167 16924 39691 10295 43139 22593 
6988 34265 33590 43270 25507 37481 26246 47124 39347 46068 
44478 12480 21680 22084 38821 16129 3676 30076 3136 23967 
35932 16912 31341 47202 20789 7056 43550 12136 6571 24319 
41669 41058 15077 45669 35932 47349 19821 9688 3684 13088 
30620 31118 32955 7226 2357 23517 35735 15700 29608 32541 
48097 45772 15493 25004 5618 33590 3894 43900 27544 15673 
16780 38959 44649 369 5537 38897 45396 37150 16043 46673 
39963 43993 38128 4056 23248 11856 37604 32886 33687 21514 
19921 29929 46358 16091 33440 16760 43887 36137 37334 23042 
6823 22399 16242 40194 31118 48859 31200 27719 24743 2719 
33542 42248 19648 49856 4611 37776 9527 37591 41853 26565 
41035 30511 43093 8612 11203 21789 16903 14004 49137 31342 
34889 1842 39040 22034 24105 15565 4349 42639 30318 29326 
30253 29656 1244 25133 37426 17807 12480 16661 6975 47492 
11355 41357 25866 24633 33283 28320 14750 43777 41977 23880 
14779 18736 37150 40596 28226 6163 23382 3055 47946 5724 
506 44435 35530 21330 46172 1546 13397 17481 40061 5806 
33008 43900 32984 9073 32060 28026 15557 19401 27978 19072 
15685 20221 37534 15583 24828 23963 3146 3035 44819 14076 
35955 36510 9498 36884 12954 16186 48808 489 40715 29707 
6952 18447 32984 24045 23178 7671 45157 32538 44800 33418 
48020 43887 26716 3309 21085 12103 35381 42843 45826 45666 
26485 45396 27551 30183 12851 9952 3127 10690 7487 27978 
22160 14633 43528 8184 4163 16915 9611 15793 31862 45996 
32082 16444 19791 41018 21432 38407 48230 8184 38123 32060 
17578 45686 33647 20309 27532 43458 7151 35594 26639 29595 
38676 34491 24336 22654 3531 8638 14707 44982 33590 29917 
32275 36033 32751 3647 23903 41665 12267 7198 26688 15077 
29595 28334 32355 5071 26200 34491 7489 14155 22715 26103 
6908 8880 32602 29595 8176 46832 27693 34360 26074 20032 
26930 45739 9459 174 32979 3894 29622 23365 6828 15683 
4253 13844 3572 25122 484 47230 3195 27205 25433 19160 
5571 29485 4229 26689 4494 14882 38772 20789 41127 48606 
8954 14070 42837 12136 3718 9769 45672 38135 41722 39704 
43987 18536 22450 44658 16881 19816 33990 41587 10687 18375 
4494 20789 42408 28122 38785 16060 43435 44694 41722 5212 
619 41883 4218 27696 918 9938 43011 11068 35883 38638 
48681 27349 40725 30007 33647 8555 40194 29849 47675 27941 
42316 18184 44389 28453 8105 9975 20769 10497 22925 49021 
8073 19464 37051 34935 9179 36454 41724 27765 45739 35406 
5880 7096 44326 783 29050 4229 20610 5915 15047 26639 
24271 28043 12549 40313 23506 15493 32830 8184 20837 25940 
21951 29147 30723 29559 46543 19821 35756 35606 1687 18390 
26911 18620 38002 37477 43462 46474 5611 43550 13614 9495 
11203 19365 6981 15596 10687 44658 19826 32224 47852 43149 
41662 16359 15252 18598 6596 8733 47562 37528 12046 35756 
27160 23239 23477 44768 49170 28708 12230 20837 41360 45590 
35932 34172 611 11879 14913 40194 28695 1578 35048 12107 
3426 38639 6933 23065 16088 44004 42718 8105 22236 12549 
23065 18626 16671 45766 26044 32584 11547 29483 3426 8410 
30620 48798 49582 24479 34435 29326 24715 8880 17630 44648 
29913 44344 5071 47466 19905 27196 22889 27978 21134 430 
20825 45315 369 41724 16292 16915 23477 34491 41171 4541 
42843 25724 7449 47061 24852 9610 3139 4484 18555 1664 
28938 3787 7552 2816 22183 16963 5158 35770 34692 30397 
41722 12431 11883 31688 21708 17165 33752 15049 12844 18555 
9234 45739 14816 14621 36591 5707 42274 11645 38440 27846 
33823 33697 20296 36884 36942 14377 3309 26580 8762 46029 
26580 48385 34889 2816 15047 21910 39758 41662 33590 28502 
16683 6692 3313 39435 29595 41558 23517 6321 16336 32082 
16060 21598 31533 12143 17697 7562 37144 38917 31278 29074 
21951 16397 14913 21078 22913 26832 19074 42944 15110 49162 
46673 46072 6692 11547 32644 3894 21926 39913 33418 44082 
44987 45323 32751 17044 5571 4598 24105 714 40084 8783 
32725 31961 48666 45834 39111 34297 3959 9956 41722 46064 
7399 10195 27205 18117 37371 36102 5297 22129 26338 10641 
36398 35770 26860 32088 7511 20789 40475 40459 7235 46557 
29929 463 42829 27739 48921 16444 26036 10107 18864 29500 
24989 43791 31386 36155 4227 22598 3426 44344 31343 40167 
45892 3195 11061 14301 24698 8693 39617 7715 36429 4864 
16175 30043 27122 20789 44923 45173 40412 29232 48769 28937 
46010 41360 26640 41481 1687 32550 20773 26485 2769 4578 
27978 11359 12462 48806 27160 27561 47 33165 24096 47700 
20296 26639 13946 8554 43623 44337 44969 37085 26556 26801 
10131 21794 16661 38639 19464 3650 191 32955 27994 12580 
28938 25135 27870 15412 13176 18334 4500 30646 11533 48659 
22913 9610 6823 1994 47466 15166 9405 22775 44004 23584 
11585 6692 23277 49210 29483 48183 27482 43623 6691 29225 
38452 11856 10626 30922 40860 48164 45627 19810 42017 29595 
45473 15493 1125 42350 18447 26485 4370 30382 16219 14913 
28796 29531 22748 9672 19652 35756 10131 21905 2372 7694 
18985 4056 19464 25947 13130 31647 29747 3676 26544 6988 
41724 34985 41722 7372 22363 3293 33590 21063 28938 34522 
20781 29689 47174 40633 47391 27312 5855 40273 32464 40194 
13968 34863 8954 9542 5265 14860 26965 9682 29486 14076 
26918 7891 10295 20587 27765 1842 39326 38546 39604 28011 
14843 13096 22715 3516 11547 48086 23149 23420 36799 16060 
29595 22654 33244 6209 18736 28316 5487 7505 21951 32082 
20610 39938 10522 1945 1204 31555 35594 2432 19530 48052 
30723 38525 23477 31343 13957 39758 29559 35530 43559 25087 
39528 45180 46794 40345 7015 15047 27160 22124 36862 24028 
43559 42321 46213 48769 35751 21090 7182 27822 8250 22429 
35735 5693 31512 23967 11984 39875 8696 10781 14196 13608 
38917 2308 6988 29850 29035 11224 28043 35725 3204 34290 
35770 20789 11822 30523 30211 29225 33919 8705 49556 17984 
2304 3564 41980 38464 35594 48659 25488 13983 6162 26544 
9876 45231 5155 35770 37023 45173 41357 25394 7873 11383 
4549 17410 31423 49556 6269 34539 925 26544 9404 32303 
45811 41625 29147 33440 31482 8356 42538 33027 34935 31094 
37147 26930 8292 24105 23065 11583 8880 8719 45231 9139 
8092 39145 47040 42422 7647 32955 24243 7514 34026 3608 
9555 37163 14575 32328 40294 14870 7805 29502 27359 28398 
45569 24584 28703 40341 24754 48531 7685 38355 41058 19060 
16060 463 17846 21973 30523 1842 46358 28863 6196 32955 
40259 19038 35530 47391 24336 46713 35048 34840 33806 12021 
954 9773 27430 44236 3718 26684 46369 35542 16651 16939 
18334 45034 46713 29111 34692 20219 33919 6049 12365 369 
19841 23007 24097 28502 3404 9688 41649 37028 3318 12365 
34692 13941 29483 47466 6906 11585 15182 8689 8726 12526 
9876 22407 771 12447 4506 2773 20610 7487 30205 48551 
6988 49167 1574 24621 34533 43528 36799 12480 34664 38098 
14913 24515 25729 42321 46543 24250 44648 39963 5228 48129 
16438 15665 16680 38887 13968 35722 17390 18712 10102 21910 
48336 32750 29368 49429 48214 21466 9165 33558 49427 31318 
28571 14182 40860 35606 28378 34692 48360 44237 191 20889 
3894 29242 35509 17504 44369 18650 13217 44517 38442 7509 
21424 23456 16060 5932 19273 28930 29279 45866 21667 31922 
23530 30526 49706 46999 21738 10609 3462 1674 13460 3309 
20524 3718 21910 8279 11786 7079 46543 13526 37053 27482 
34435 21424 31759 20781 44177 39475 4343 32702 13368 8807 
16671 25660 6838 44349 43754 2304 20928 17496 16581 32128 
15652 33339 19745 38098 3050 19791 383 17385 10098 24273 
5936 31173 17215 26004 49133 23731 47349 5110 25180 19401 
4227 37659 9597 18207 42639 5731 48402 6963 30505 28959 
15047 26126 30715 42159 47040 1461 43068 41053 37767 26639 
7677 8410 3458 49137 9834 8675 38677 32464 47040 44004 
12480 36093 8762 20789 39161 44236 8959 37749 49133 28330 
31881 31173 25343 6819 16786 30755 369 25940 34172 38639 
41250 29118 29236 18736 26544 17656 25563 33001 22790 42370 
12480 47066 45315 9139 12160 11984 23319 32936 41058 43220 
7316 35722 20115 47578 44871 3870 43349 12365 21683 41853 
12365 31602 31118 40778 25634 35722 46543 7511 20221 29502 
30944 21794 33487 48502 41971 19780 28174 12480 41058 9464 
38966 35213 30170 34692 49711 7298 26928 27160 41058 9952 
32355 26930 17892 40183 49133 11547 3313 30755 22749 3136 
32702 1204 15184 39219 40622 19905 49317 15648 5228 35252 
14871 24388 19780 14301 49373 25224 40259 9535 41125 13479 
28294 6823 32060 15047 26918 43068 44800 13813 12558 17245 
4990 25090 32339 31355 1637 40048 9876 17985 40200 14074 
7768 17150 9769 30317 45304 37857 20781 15583 25087 27318 
49317 35127 1365 27143 25866 34158 20671 46172 8467 44416 
30511 46456 36942 23065 43732 7873 3136 26832 32751 45308 
27733 28453 1842 27312 25968 32842 44478 12480 1267 23817 
45686 23421 14182 16151 4468 32031 18117 13570 2752 44506 
34931 6258 13263 17985 41360 8762 30151 29483 43198 29813 
9370 29587 27122 40341 8301 19350 13745 27430 24734 11389 
46543 26556 26921 34680 45739 43435 23967 7047 42618 15000 
9653 2313 25247 13813 28453 15088 42788 23517 35929 49138 
32082 45018 38098 30594 26044 23481 369 24028 26300 646 
19693 49530 29595 14675 30076 16140 21789 43201 22672 43075 
6196 35424 1299 32931 46830 1195 30543 45888 41243 6154 
17985 19464 16924 18664 27574 13967 15821 40556 23800 41649 
33440 14301 3564 3165 7254 5158 27122 1125 41793 35728 
20563 19908 34787 46552 1890 35801 16039 19528 20041 41037 
24242 5158 41360 44004 35277 12837 12652 17041 35237 32955 
28032 11676 37534 33053 37110 29033 6504 30090 22779 30838 
4828 32685 5936 77 26688 45866 45396 21944 4218 33780 
29243 48567 41771 31810 35606 36915 25866 35424 13044 15290 
19791 1550 7655 34889 39691 5297 22166 21084 36533 30816 
16881 11547 20364 33990 33008 24405 46064 12818 24042 15459 
25135 47605 34632 29542 46358 39161 21063 35464 49350 31647 
32955 3559 18164 30116 1161 29678 29595 3313 43068 22363 
34491 27160 14913 46948 43462 8848 27436 39475 17105 5244 
38212 21085 3458 33053 9688 36884 2442 43655 14575 48259 
13555 33487 47785 17105 7935 15793 29913 25527 16661 10098 
7891 38884 27290 45157 7079 32035 29595 24021 791 29645 
42332 20056 22748 24754 47675 32979 33647 8062 4227 25724 
43754 39691 5158 9405 31423 41058 42598 3087 27430 46212 
47177 5584 20219 5592 8783 47675 45231 47492 17892 40000 
5158 10991 34539 27061 21444 30723 26962 47700 36520 35235 
29118 46781 3195 22914 30473 369 30022 24539 8906 18823 
8301 12138 16924 10084 35735 23588 38280 46084 985 21951 
6988 35323 32881 16330 49190 35955 37998 12179 41127 43020 
4103 27506 43436 33576 14913 45567 24336 29707 35662 2212 
23517 7655 27080 33079 35323 7458 31818 38376 20781 20381 
379 33587 20789 21161 34830 40200 39525 37167 44177 32955 
32702 26074 36398 2963 39191 2344 43462 13542 32031 8850 
24852 48692 31712 21255 34364 24698 517 6988 37371 28378 
15588 43270 26688 26962 4427 11786 25837 791 11460 38917 
27978 44369 43887 38407 41612 19072 6933 42163 14621 13303 
8452 49018 25132 32914 22530 27312 2887 48303 27506 43559 
20621 4990 6676 23655 41197 46323 13305 38148 9139 7893 
38741 10792 22160 4578 43435 14182 23530 37163 39337 16579 
32134 20544 6963 10144 27160 27170 40346 43559 33053 48806 
25133 21549 7614 44004 41058 11944 33801 27544 12368 4163 
29999 31691 15044 10158 26385 48769 44794 32984 41250 45956 
30647 34491 24197 11224 18736 26103 27380 18129 28938 34172 
39875 3671 399 9713 21951 38791 15743 27160 7282 19703 
2511 37163 24028 7984 7015 37247 1395 24539 24723 32984 
43462 23517 3787 48806 27003 27482 10108 12368 45834 10391 
23517 46910 26556 40245 34889 35128 20241 40183 650 41447 
29502 26356 19023 4218 48132 4784 709 9704 44821 17028 
30743 10958 43732 31647 2887 18447 12230 4675 6321 33731 
3195 6162 48567 10687 10144 16336 43462 902 46910 45888 
41058 17824 9682 16438 40792 33558 45881 29503 28384 31647 
41058 3564 45094 43462 40556 18379 38706 36825 17077 43987 
46358 45030 6841 1361 48535 41601 27332 39036 119 33590 
46543 34889 13303 2444 369 32886 22412 17656 10151 33440 
16784 49707 33342 45739 6902 49133 13176 285 11136 38513 
8554 40183 33418 15154 30594 41058 13555 46212 35770 10446 
29037 40518 22654 3564 41197 20897 48300 26412 33687 35466 
25875 7096 8184 14054 48659 8367 15976 17823 45772 11600 
31350 19160 14301 44004 15511 41645 46358 40875 17751 27978 
22775 15182 18184 27544 32751 35715 8046 35127 6963 38215 
37843 11359 17910 21465 35333 6963 49683 35452 30786 27080 
2304 32029 6258 22218 1890 35715 45569 45396 49368 8835 
1498 47939 40412 21142 10072 48806 46551 35728 39322 5158 
23718 20428 48567 3471 16947 6056 39393 38819 25233 11389 
3050 42373 30397 48769 16400 21062 16866 39238 11547 21124 
41335 48502 47548 48666 32082 45427 43649 10418 15485 48243 
11920 19062 48214 3787 24173 46673 21441 29849 33558 39691 
11614 15184 7458 12918 25971 42142 19695 30253 6390 39191 
40588 40194 42667 17149 20296 32334 47498 16671 7009 13593 
35720 17479 12652 28453 10399 24978 4808 48666 12160 17790 
18268 24754 40183 41058 19905 34075 24389 46010 21387 14913 
28898 6823 27517 24021 32292 25133 4609 17892 26044 47939 
7162 45173 35381 30882 34491 314 38959 44648 14076 43014 
24602 20664 9712 42876 44781 40399 47307 48166 45796 7015 
17361 18334 12908 23436 5978 33801 49493 29232 49512 45231 
44821 771 25015 28322 24754 34151 32750 5724 19074 49276 
16060 9535 14301 38639 43987 13895 6963 12462 5555 43149 
8410 3516 39279 16438 19747 43149 34922 31685 47578 37410 
38090 32584 40191 8867 47680 26841 3718 2816 6385 45666 
25135 35594 30816 27733 26315 35266 27765 11650 30337 44466 
9876 27160 44383 44767 17790 35277 43649 40475 10321 4713 
33647 22449 6933 23659 35031 19903 22775 46959 37438 19920 
20654 29587 5158 45426 38376 26246 777 24173 18142 18164 
2372 21331 12143 8954 19905 15565 20396 5071 40005 42639 
37438 47066 11984 48874 14860 24788 48561 33283 28385 10418 
399 44899 8807 12462 115 44871 47174 33752 17704 21910 
20846 15208 14182 12209 35323 27122 45167 35916 29557 12368 
31173 26962 43993 13414 33865 8579 38128 37426 49342 8807 
20939 18853 27978 32082 15634 46999 538 26966 12483 20032 
41360 23368 17751 41320 20773 757 42440 18601 37042 20897 
26544 1858 10958 13813 30723 28747 18311 30402 1516 46423 
31423 4343 37639 40084 41724 24165 32508 38791 537 14336 
41058 2892 3684 8105 489 48806 15348 32943 46320 44133 
12255 22429 14824 2816 9535 37693 1842 18024 36369 23701 
14913 46948 48917 27122 12619 8437 8619 7056 5915 32955 
771 17751 5738 12682 18857 46236 45725 26395 29970 7402 
20304 1461 2932 39016 47722 7311 7458 16051 27167 39091 
23967 25899 29485 18319 20386 46603 44560 31297 21910 10416 
35722 35751 40903 41286 49706 21003 18190 20441 42370 24539 
22715 6695 34221 115 41977 44560 26060 10295 558 20979 
19695 15511 45304 47700 47 9610 369 43559 46207 2090 
32609 10792 30397 35406 5228 28796 7182 16623 38376 47637 
32065 25724 3147 47741 4854 17315 28041 16924 18164 23241 
27122 17892 26300 23064 21406 3458 31118 22129 46068 23477 
3458 34364 34661 15176 48279 13968 32343 15464 34539 32881 
24978 39826 37167 24798 1159 25724 22043 28334 36288 19593 
2816 7192 27332 48055 49556 47202 11355 41435 21331 37909 
32453 36429 13930 44004 44741 22654 18379 35498 44973 22394 
8105 4875 33440 29247 39863 22331 7972 6828 27100 34827 
30116 29111 27544 45931 45834 45593 40556 11437 9459 26544 
13414 26736 48055 32984 9264 35614 32911 7984 40543 38479 
42350 43462 3718 12799 19904 49190 5490 35277 29118 44871 
39691 2935 16671 23507 46869 24941 9722 23797 30337 9264 
34100 4808 23013 42248 9224 48744 47420 17892 34435 46010 
29595 17499 23967 39963 7671 13479 10564 10792 20764 36033 
38525 611 720 19319 10125 35277 26853 26021 9302 34661 
42284 33418 41798 44177 47624 22848 49133 44389 27678 5287 
29232 10564 28732 17892 42479 4483 32189 43916 9950 43840 
954 44817 29003 3116 30786 42163 5158 30140 4343 26580 
47124 14004 13285 12558 41625 8535 14590 3087 541 5806 
7116 28181 12280 35770 23248 4874 18309 40061 48166 44172 
1995 7021 21061 24757 18416 335 43074 26029 29595 42998 
48055 48562 32082 16359 24065 4325 31350 14301 29033 46358 
3477 47983 3659 31355 40534 45051 24216 13950 27910 47040 
49661 35451 21738 16359 37319 27160 40646 25144 26982 33342 
31541 25767 17985 26639 11906 19291 22425 16336 36222 38525 
21142 17742 15665 7868 41481 19821 37389 27122 35422 17578 
25975 46068 9535 37028 39691 38917 46543 29689 2752 46320 
25022 32069 22889 35047 3904 29016 27765 23065 3462 19038 
13914 39347 26425 5978 18349 5724 32065 33387 46999 38479 
48579 15902 24790 6823 29483 31204 6988 3857 37759 11631 
34981 7449 25133 8202 21484 12677 10965 14649 40979 32303 
22654 38777 28330 10792 12703 17550 45739 3718 39191 23963 
32979 38676 42843 13303 7015 41746 44082 32343 17985 33865 
29595 47836 39435 19908 49251 18129 11092 30495 7021 33440 
47124 18156 2185 26787 5978 44466 21363 20232 6269 6933 
6589 12124 35269 9876 19074 562 26356 37639 656 9848 
42989 28863 23065 24105 11631 1517 42099 39736 11942 38839 
23577 3477 19038 2892 19593 38951 10792 39875 45931 22412 
11359 47040 44778 15154 1461 19598 26300 22975 17009 39740 
47578 46713 21430 34491 14501 33687 39753 42788 29653 17823 
34491 19432 3959 47735 1966 10792 20544 24105 32328 26787 
24021 10327 8708 46673 38135 14076 39785 21208 29287 49105 
30397 36176 30723 16939 16039 15583 21944 33919 771 42417 
19636 17718 35770 38847 15743 23967 8880 20703 39447 4854 
18003 18390 8708 15391 8061 36744 4218 24319 3516 9504 
2705 34491 45858 14841 35269 12255 28174 46673 34520 43074 
20296 6963 37639 9405 16409 4468 44587 33647 21090 11045 
39691 4854 28703 30076 41360 11297 23222 17846 21409 10804 
44707 34265 47202 389 35932 24698 11022 49672 18736 46031 
46369 6560 43074 42370 17950 46288 48769 35725 9848 42350 
13157 15796 5367 33948 30497 1065 48806 46323 12021 14871 
10994 11355 49137 47439 18447 7562 4131 49623 537 25964 
41360 21330 14720 41151 12848 17704 24164 45477 24105 10144 
26544 30723 30205 3309 6437 30022 33123 15911 37288 9375 
37587 25135 31710 49174 2585 43206 9874 7311 25087 34058 
1945 32584 47763 4459 33074 11786 32842 47573 191 1497 
9585 15110 20221 5495 35929 21090 6756 49276 11547 33418 
18379 33313 47702 20587 21910 29595 46291 9950 28781 23967 
8292 771 22363 39963 36884 26074 34172 23065 1260 38897 
27617 38157 37125 32082 46260 32078 30065 20441 49512 31545 
24798 45686 46919 3590 28384 4761 28336 26153 23835 33027 
14182 20610 40860 20979 1286 40808 18190 49713 21951 14860 
20364 9581 30838 38960 45167 36033 4990 20689 20825 48551 
48551 7449 46320 31667 24621 18375 40412 16579 24066 40304 
46829 11942 3195 14913 28907 45980 48435 47205 6437 29929 
47712 11343 23252 9892 46323 8367 49167 4881 14913 40596 
46759 47061 2963 41835 10792 37627 49646 2022 10795 25315 
44389 35770 21510 11886 8243 21049 8807 47946 34961 9200 
37639 10492 26580 14779 26390 13111 27738 43093 8239 7198 
26580 13954 3608 25444 15683 41058 35737 1649 19040 23506 
39963 24715 28320 14295 20156 13387 7402 25135 23924 31922 
40778 28703 29666 10215 1403 31191 1981 119 30647 34868 
21910 1550 2584 37167 35735 16750 24782 18736 10792 29118 
8375 10125 40979 4682 11942 14649 29478 5145 12799 48129 
42231 23022 35206 24502 28249 39322 24765 7655 19068 40458 
43462 14635 34435 49875 11658 28907 369 44791 493 40194 
16129 4992 28216 13479 3326 12230 24028 33558 14480 44998 
38135 33070 28147 49713 1195 49150 42462 7655 38917 37331 
49706 9713 9773 27228 27564 6933 558 47202 37438 7282 
18836 7493 9076 39691 33942 44337 18268 5158 43887 16963 
3309 47674 18726 45914 6933 32955 41634 26412 256 7493 
20781 2788 27160 32574 33747 1125 11203 9405 12230 45727 
33144 28453 27112 12138 20781 973 6676 16336 10102 3072 
34158 26860 9952 11547 219 48606 23248 41127 7562 34221 
38951 18940 45173 11422 28959 24693 18918 44549 48769 25940 
32355 35842 21033 33558 24693 24105 44560 29395 35756 30523 
19110 11061 31094 48243 1966 32602 30397 26298 8754 11218 
3650 47065 43791 47391 2023 1546 41058 49170 15366 26736 
7868 17732 31712 27486 7689 43355 11793 3564 10125 489 
13479 34840 5936 14685 46791 47630 19875 24126 10459 25394 
32550 49137 32129 9610 24743 41968 14076 20296 10158 27846 
120 36845 9403 42998 23506 2705 45173 25940 44177 36884 
45231 20664 25181 14856 11879 48360 44987 42748 1267 2423 
22028 37261 46049 38440 22552 20060 369 22146 14882 7402 
33470 41357 3313 41722 33244 19040 24798 34664 42321 46829 
31355 3968 10431 24534 314 20357 42163 18447 17151 7372 
39567 33053 39040 24250 48847 48681 33487 45173 42332 26787 
7458 19920 28453 1994 15634 18630 28938 10435 37703 44034 
38500 10733 20795 36915 49512 16651 35662 25796 37247 34612 
33558 29525 38036 12599 16336 49430 30723 33831 13198 19015 
14970 15715 30004 28403 48404 47659 10435 48567 20842 2816 
489 38917 9876 43270 46713 20789 31922 37028 25866 16652 
30205 20939 35756 45217 30337 19671 26226 31862 36835 38135 
36155 4823 16671 45956 24783 11436 26580 36825 21951 38917 
36454 27331 41360 35514 2372 33353 17043 44082 40910 30229 
3442 115 26716 16784 18203 15047 27160 20129 21623 34469 
46673 38676 20032 22913 3087 5265 44389 27160 19772 49150 
34840 41645 39279 369 26200 40084 18210 46959 32914 611 
39963 6154 21424 49339 8176 23604 412 21910 7493 23013 
26801 27522 38827 13760 656 11383 18650 21283 26767 21683 
20623 47205 11091 1461 24754 49553 27155 4642 6823 2056 
48600 13968 3531 20296 18817 44082 49133 24065 44004 29220 
32455 30647 47680 5936 18447 29090 38676 29037 11547 31712 
23967 49706 39830 14906 517 49805 2372 2816 35722 22331 
40782 44004 44987 3175 27335 33440 23382 45672 17149 48808 
22447 17790 45686 40822 7015 48132 8301 37161 29929 27738 
31130 26832 35406 32303 39327 39528 29368 38676 32550 48034 
22726 5618 28138 28979 27160 38123 6401 20221 49342 30004 
46084 26580 35932 41649 11893 13479 18338 31727 26918 37090 
25971 12160 30006 39327 43559 28823 7271 577 47506 41587 
383 43487 19218 25866 18379 25812 21142 20837 34889 31727 
41722 5806 33924 36429 48230 18921 7386 29645 23251 17428 
16924 29595 35422 26639 1574 3025 34664 10948 16129 40789 
19277 48399 32955 21330 38702 49418 35269 385 7851 28336 
6691 9773 27978 41724 21231 44716 9938 1061 11847 236 
34534 27203 24948 23316 21629 15047 5936 12021 19175 26749 
12462 30253 20296 119 49138 40371 6719 24019 22715 12365 
28270 15767 42321 47439 28453 21255 33144 33440 29111 31810 
6023 45173 7655 2004 23530 28336 17481 8588 31759 1842 
14113 21598 48486 6756 49170 23316 13703 30444 1842 480 
7984 45963 27143 24376 6823 40624 27465 12164 43787 37326 
2816 12480 21951 18407 26036 8410 19928 12860 48502 41634 
39447 9653 3195 369 16359 22654 8138 20979 45950 40903 
21441 22724 29483 40399 26716 19072 10949 18825 43462 8884 
4056 21014 46543 16924 21330 48243 14336 10847 44072 22748 
35662 7670 7689 20032 8062 21789 24788 20596 30747 3563 
18334 191 36429 15675 896 5336 32292 10958 42702 32290 
43462 30233 4217 39435 40555 7191 31712 37693 9405 34467 
39347 191 119 27038 34787 25437 30402 4761 17807 39301 
37673 26639 19780 480 20610 37150 38639 8279 13387 31094 
47618 27143 28026 20789 25837 11547 46279 35770 28453 11784 
7655 23022 46052 23997 14779 7873 41058 1352 45173 24693 
28323 191 34889 38785 45853 16397 47675 12549 46919 30253 
5472 24240 37300 48500 2883 47 31541 21778 19072 41645 
43149 20587 49824 39014 23997 41639 77 44899 10687 24229 
2451 48156 14155 41722 38186 23065 33001 13387 46718 20704 
19416 335 17122 5337 36093 2883 11224 9535 18918 41423 
41335 27228 46830 36525 46719 3192 29028 37662 9486 11264 
25167 30076 32702 43054 35952 17375 19006 28871 16992 22285 
14913 35722 28032 32955 783 43848 40584 46072 37326 23065 
39753 191 45956 39393 16266 9200 49437 41335 16050 13414 
40456 42748 15565 47675 34539 26640 3658 19306 14888 25724 
13466 26600 26556 8705 19904 26580 31072 5806 13550 3412 
1175 15639 18407 33813 35735 2519 25133 37186 35269 42804 
23065 22203 37591 27765 13431 49360 19523 3204 8850 46663 
41360 41883 15538 21419 1159 49773 41058 17985 20156 4298 
47677 28378 14765 23495 47680 40450 11739 21536 32644 305 
2468 49532 36510 12851 10508 4854 23436 41447 44482 4506 
5265 16060 19716 2205 21331 12521 36819 48183 34321 20842 
709 12799 8145 35797 11547 40792 21090 22146 19532 20183 
7224 28629 26356 26485 20524 20335 46319 22125 20689 41853 
6823 37395 45173 43462 2985 29595 49706 49946 28959 41835 
45389 2357 1890 2705 24790 29279 20232 27160 35722 19464 
47066 119 15685 24105 49317 22092 19791 36533 45686 30594 
22659 3165 4549 26485 48346 3559 26100 43880 43462 25940 
49623 49190 18831 48681 29502 1994 46291 35046 36634 21003 
19528 11026 14675 20781 38320 6988 38639 28378 21598 3894 
14824 33141 49276 43462 27738 12365 9167 13495 29645 19038 
37759 19168 7768 44741 40126 38917 46673 36307 18810 39447 
19826 48502 45671 24533 18857 369 41634 31791 33919 10364 
6321 31710 26832 40492 23420 35277 19530 21327 22775 28832 
45128 5802 34131 5855 44990 48769 15821 24754 32134 16596 
7079 23554 36424 34664 13368 41668 22848 48261 7377 7552 
38917 10687 41466 48879 77 32685 25796 31848 23875 5639 
3650 16786 38578 11061 1461 8719 36255 47685 2816 26804 
47700 4343 44004 41127 1994 44276 17733 38435 12365 47449 
24096 20842 18061 8539 45727 4978 1352 14230 27160 35451 
44649 16579 4154 22129 21419 32979 41469 16671 6933 21014 
48261 385 308 23431 44337 33387 18650 22028 10847 44004 
27617 48502 48399 16060 227 3676 1361 22775 45914 28249 
46719 36093 2372 8762 44092 4370 20154 37371 8321 37426 
44564 19703 23922 24978 29147 10377 32166 35498 45030 26688 
2705 30318 12245 49276 8752 26485 47202 33908 46369 2205 
46925 44191 25634 18940 2769 8131 48808 18726 14436 21951 
41853 32082 26390 47066 38036 16397 29704 27989 1981 31078 
2935 31842 22160 21090 11556 14776 46552 6933 14774 39963 
26930 25615 24954 32914 10072 31809 22740 21501 5158 47492 
16671 16060 28907 38472 37868 27738 37528 27837 11547 45173 
43916 32399 29412 4494 9087 2585 3516 20781 29303 45956 
45772 21951 49437 49805 41104 21330 22775 25866 37322 29037 
26832 42944 36093 31647 37426 47040 33558 369 39456 33470 
597 27112 21359 30116 37689 48502 41360 44001 44821 3318 
14472 47205 2769 3309 30723 33587 36589 19110 29557 11078 
31922 48702 35406 48921 34172 49098 3650 46719 6823 20221 
41971 32875 21441 31647 10784 17496 30151 38887 26841 42372 
47731 3283 3718 27846 46910 32154 31986 40480 1097 20118 
369 48769 33074 39578 3516 49418 39726 39249 43528 20548 
48502 18236 517 44022 19904 2205 46673 19693 33440 41121 
38546 4217 22773 44297 46919 49711 49684 47852 24042 40934 
3477 6988 3787 34146 48258 16915 26688 29435 13537 32129 
10690 32134 45396 10733 3458 24621 14675 13545 22374 38856 
27205 31505 44658 17499 18406 35569 21108 8550 11696 32224 
40225 41447 47439 33047 35929 8698 8324 31647 31661 12447 
17375 19789 3718 28907 6988 33079 33580 7806 19620 5336 
597 20427 37471 38435 3458 14301 47210 16134 32914 10007 
35381 8719 40860 25196 43610 18190 12370 23462 4021 25444 
31297 8092 39579 31173 48901 7984 13622 4494 19277 3516 
18334 47040 7015 20795 49556 17892 10996 23248 7182 48129 
11151 30594 27044 3175 44973 47066 43559 29035 18268 44741 
7458 34364 40633 31727 45097 7111 44973 35273 31545 2408 
39938 369 32914 29502 18268 2511 24372 30076 37703 41662 
18447 40200 24861 19401 44446 41930 21424 6023 13570 21078 
26736 36902 48681 18661 37326 39161 45689 37129 40325 46910 
37824 10364 38407 39191 6242 15683 22715 46824 46409 33027 
29129 31712 19530 18117 44291 42618 8709 9184 41058 26544 
45862 1125 18097 49429 33440 6963 4990 24248 37371 47205 
41639 8807 1175 48606 26246 3962 14675 24359 49133 14398 
25978 11264 279 25394 26338 31343 5071 12462 10302 27561 
22851 33440 34178 23882 13305 1278 42263 38035 37928 8792 
21085 48132 19821 43791 44031 47735 10738 7509 40920 35542 
18857 38917 999 38432 29352 3187 9773 34840 40399 44980 
47066 45150 32082 28543 25181 32339 46233 45935 39567 4609 
27205 30576 35323 36381 13967 27765 6596 16924 39758 16199 
28448 27160 49773 12365 23317 25394 41587 27506 28659 27738 
6908 38500 34325 48020 30594 21951 46320 26860 14913 7138 
27316 27765 1945 24414 39327 24757 37085 24197 34606 13997 
48769 28425 31236 21458 31984 4227 20021 38320 44150 2209 
24841 45686 12597 9722 18123 16727 24515 17009 42843 25133 
26688 34985 23248 28352 22425 1413 40000 19306 20059 41360 
22903 46673 7096 26702 27205 7655 7781 23351 8722 39161 
32007 42193 25135 1364 4358 11842 37900 14913 41469 27696 
41587 15438 30114 26044 11513 37258 13387 4270 25156 45457 
27440 5855 41035 11631 18311 7316 11927 40642 6385 8807 
28410 33084 24704 33165 39617 20610 747 32069 19928 19409 
39447 13983 15077 15047 27160 34534 32224 8250 42954 3563 
38627 48368 29849 35530 36550 31712 36931 13959 14675 19789 
36947 32082 28144 47482 27738 13950 8712 31647 39938 12365 
1858 18288 12425 21265 9542 32464 5280 8958 7984 31759 
46358 38464 33214 47805 4578 10522 44389 21161 32984 47476 
27160 31708 29118 46919 21090 9950 40459 21134 25778 17105 
31340 19160 49170 18447 15665 22749 10792 40622 8314 31350 
12911 26930 44503 41925 36467 44856 15113 26044 34435 40183 
45739 39691 45173 22285 31355 8175 33091 6963 11092 29033 
40459 45231 44564 23065 30647 18347 36915 24321 42142 32258 
10792 27409 3531 41058 28604 37405 19791 4411 17948 36429 
45173 35110 12660 39322 15047 15150 40627 12503 43903 47735 
21951 21924 25968 3136 35932 20573 43987 45766 47439 40590 
48346 47090 37407 39875 36799 35602 6009 1981 44666 19905 
22775 36904 13479 24434 36911 5555 22363 12043 47515 19398 
39830 41853 26300 18599 11383 38639 36884 48183 5618 49706 
44564 44755 36857 24931 1027 41971 31727 5978 34495 5650 
48868 12245 36429 40979 38159 21174 985 46791 48073 646 
32060 11547 12462 5724 28959 16060 4868 4062 29279 8301 
39617 11436 38064 15598 34889 256 22903 25563 32881 31094 
16091 11203 36884 21330 49190 45883 20296 43042 26688 46919 
39091 13813 13214 45173 20382 32955 12368 2709 26575 45956 
29236 1842 39758 19665 27636 5265 33244 46979 29917 15047 
757 29657 36711 10997 38726 20241 19638 48681 9988 41678 
12480 23495 4249 44821 44969 44923 49511 48769 6691 23489 
12255 18536 1461 37051 43649 15077 47391 3641 48436 15715 
46385 46948 41058 46098 8719 4131 42843 35725 28502 23774 
14970 46150 29595 42321 12828 49031 19747 22363 17632 815 
30136 27430 49663 17504 7311 9803 19593 1125 16739 10483 
369 40183 27846 35630 25444 26841 9904 33440 33687 16242 
45996 29118 33008 24096 21524 11879 191 17985 17432 48579 
1135 27228 30940 28449 33823 28412 7298 771 43791 20032 
9581 9910 174 43559 13785 43362 369 19558 19816 16151 
32060 17892 16060 1994 17098 3787 20610 46214 11879 37023 
32609 20115 48132 35735 44004 39435 45686 480 38525 369 
29978 16060 25156 20825 44560 14913 1550 7851 48258 9184 
27160 18210 6988 7685 44564 13950 23022 9262 7589 18088 
7916 9585 15771 39798 27160 28378 15047 41174 14331 5936 
43791 35444 22075 33418 6587 47935 26716 15267 32134 18390 
26918 45348 38856 39528 14650 38525 47439 18650 17915 14302 
25147 38318 1994 48261 30337 14569 30646 28959 5219 13967 
28329 16579 33440 10131 7151 21424 29129 19791 30205 24044 
39691 11484 44297 44236 12990 41980 38525 36884 8437 45859 
40458 13387 24852 41722 11158 32508 2639 14533 33859 40273 
10792 21108 27827 8783 5978 49582 7781 13941 24301 1483 
1994 45772 41360 48681 3293 34435 31555 4217 17410 49210 
41816 9336 10300 31187 23967 32134 46280 6093 30838 15599 
45956 26544 21951 17809 49641 31118 16912 36656 35545 36650 
27765 29521 12431 46838 49104 771 30202 42639 16912 45766 
24990 30337 1960 39963 43916 27160 48030 19398 47010 7079 
48014 39528 18447 10364 35728 43139 36093 37265 32303 18940 
31006 28453 40627 45231 31422 47879 19401 9975 29764 18447 
