2688 1145 6 2184 1932 2624 869 1549 867 0 
3445 1381 1428 544 668 3581 274 486 2930 1614 
67 4894 2713 2860 4705 1683 964 2853 645 3245 
3333 4713 4421 388 4586 1934 2226 2473 1639 758 
3710 2079 542 405 832 1905 685 2043 385 3422 
2479 1379 4967 4470 2104 1760 3005 25 2226 2122 
3710 3069 3926 4805 993 4899 3393 3587 3785 1925 
3852 3366 456 1046 2657 4750 4478 4662 2473 3012 
2503 1672 275 4457 632 304 4473 2481 832 2919 
1411 4749 772 4162 49 4448 3938 3902 3925 1402 
822 992 286 221 736 624 2647 1964 4729 728 
1958 1066 2688 2645 4152 2117 4947 3016 1180 158 
3919 1684 4586 3103 674 1568 1618 3037 2003 3988 
3501 2839 1188 4882 4672 4828 2511 742 638 1627 
2449 3523 1692 3251 4092 3826 1505 4680 3634 2456 
590 1780 1005 2058 537 4585 2970 2823 1489 1505 
1813 1009 1063 4452 44 1572 3105 1676 1603 4441 
4033 2468 3233 2778 2177 4160 6 26 1727 433 
2849 2241 610 4304 2481 2846 3493 4163 320 2086 
683 4420 845 2050 2255 1472 3268 328 2256 460 
4922 2957 3185 869 1907 845 414 3938 433 4898 
637 3332 375 1970 892 1296 3184 1372 2634 2382 
1410 1958 4947 1599 3888 2427 3128 711 1035 4729 
3441 2729 4808 682 1487 2635 1733 3405 1857 2594 
4776 2080 4635 2750 4162 1129 1809 1760 4849 3229 
2694 4978 1180 3267 4807 1566 3890 4582 2582 3608 
4709 443 3802 3351 3869 98 3438 829 444 87 
2676 1958 1559 22 4069 2455 1177 2763 4842 2082 
3871 4889 3529 4432 4259 1491 3167 3197 2190 3391 
3334 2849 970 1304 4124 4840 2576 2481 1655 2818 
882 425 826 4478 3126 4425 955 4157 709 4150 
1916 4413 1296 280 4392 2073 2710 4809 3747 736 
4686 4521 4531 3543 954 3316 4752 1105 184 3542 
4140 2606 4478 6 3095 1049 3661 1639 81 4702 
441 4202 2708 4404 2738 1180 2239 433 3407 1285 
132 4688 2683 3157 862 970 4312 3890 3738 2734 
2901 4575 2190 2080 3710 2203 3555 1304 1731 51 
3710 1132 3727 363 3630 127 433 4419 841 3815 
3698 727 2744 1639 3268 3933 1113 3418 329 800 
2241 3195 933 1285 2481 2645 872 2012 1110 2442 
358 71 3195 1554 4411 4452 398 21 2291 932 
4583 4578 2947 2444 1917 3157 211 3501 1472 728 
4073 1521 4819 142 4741 2466 1105 67 3957 2479 
42 264 3710 3258 1609 4896 2399 2620 3981 2537 
1549 758 4889 4187 2662 4381 2660 4988 3845 1242 
1727 2241 892 683 302 3710 104 1569 1762 444 
2280 3232 418 3558 1309 1813 375 4531 4698 3043 
4960 2417 1550 800 3249 4905 44 2101 4986 2822 
108 3483 4801 570 2881 4516 1400 2082 2438 3961 
2688 3690 2798 372 4655 3821 1818 832 4745 705 
1417 1857 1952 2819 2373 2009 217 1444 420 2239 
4142 1718 914 4729 91 2655 2399 2199 3171 3548 
1198 758 1291 907 1878 1161 980 3634 933 4499 
3141 86 133 2843 2775 2703 3319 3445 803 4840 
3996 1010 2710 226 892 256 906 405 364 499 
1543 1891 80 3602 1091 1066 1118 2482 1514 1177 
4183 3642 845 4486 719 401 590 912 4419 4152 
3870 2092 1468 3607 3477 1118 1280 2170 4560 1156 
980 3036 860 1639 3771 4252 2052 166 1870 4499 
1639 3897 4282 2227 181 3860 2058 1147 1744 1505 
102 882 1747 4194 4591 2228 3687 2688 4973 4648 
1639 383 4715 2004 2120 565 1500 2530 1046 3052 
530 3977 280 1643 459 970 3788 181 4987 3505 
1685 1568 2168 320 3777 4985 993 3337 112 621 
1573 4930 627 505 328 21 1879 1046 599 723 
289 1325 1393 1743 4340 4306 4057 970 4657 1729 
275 570 618 1790 832 3342 1998 3335 3175 616 
3454 109 2950 1060 1403 3245 1614 539 97 2980 
947 2247 1925 3911 771 4084 2495 3245 2759 2397 
892 3323 2947 1702 3833 131 2265 2601 1200 1459 
1958 1602 237 1857 1651 763 3501 89 3534 4586 
2819 1188 112 2671 4988 4265 729 2906 4167 132 
4057 4405 3910 384 4907 925 3802 3358 2716 4298 
4582 2704 3586 2147 3545 2101 4231 3458 3365 4469 
2903 590 89 848 342 3286 892 4821 4774 2481 
4736 4457 4749 3052 2709 1937 1382 1331 892 2025 
1568 4884 343 4017 3023 4898 608 2819 4285 4896 
659 2289 3249 4112 3348 1878 2853 4056 2481 2458 
1122 2214 2881 4905 2187 3580 4043 1614 1843 2487 
1141 4168 3454 4378 697 4025 4582 4905 2156 2822 
595 1098 1411 386 563 3138 3650 1926 4613 537 
723 1679 3128 656 3566 2839 3802 2343 1261 809 
2755 4867 4964 4140 980 3802 732 3792 3650 2368 
3306 4499 3701 3295 4215 3144 3529 3384 1476 2147 
254 429 1725 4619 2716 2673 2073 2107 3802 1970 
4755 4959 181 3304 4269 4805 3783 1118 3523 1551 
246 388 3454 1894 4332 2228 3710 4886 97 4715 
2647 1098 1364 3448 3602 2596 814 2911 112 213 
4409 2080 2765 1213 3803 4531 2184 4172 460 3403 
1081 499 4529 4343 303 2350 2933 2815 790 254 
2399 580 433 659 487 3701 600 299 1878 110 
3612 2846 2871 3573 433 2353 2647 2006 3483 2119 
504 1495 3601 2599 71 646 2837 4997 3622 2602 
4011 1514 4936 3342 1458 1262 3405 3602 98 3991 
358 4896 2503 1049 3216 4583 1105 4695 2479 1925 
2699 3405 1624 2697 343 3528 4491 1813 3896 841 
2905 3710 2481 2080 1629 744 302 3942 4715 430 
4504 1336 338 2900 1098 3561 3636 922 2667 3334 
4487 4975 4158 455 1561 2321 4303 1713 2852 1821 
2228 1568 4038 2728 0 3826 882 4746 2481 974 
1232 1624 4098 4161 2527 4238 4904 2018 4605 615 
590 433 2757 2544 4750 4894 375 2843 3758 4910 
429 2199 2205 1281 4125 1609 3085 1349 1790 404 
169 3757 387 1639 2824 1444 4178 4930 4934 1650 
2909 3636 3561 3367 256 1602 3687 2788 4651 936 
2830 2645 1417 2122 2846 857 650 911 2292 2236 
4799 1448 3893 1354 214 4888 840 3124 758 57 
1816 67 4160 230 343 1665 4172 3299 705 2738 
4568 1817 1161 974 4282 1857 736 4107 3862 3561 
3354 4736 940 4985 200 4140 2713 1230 119 2032 
4503 2405 738 3000 2317 383 3454 2673 2000 4632 
1037 590 4261 4967 4981 3262 2413 818 1527 424 
3661 534 3926 3211 2187 1629 2129 256 2459 4039 
1580 3852 7 405 2729 231 2479 771 4487 144 
2321 3249 2513 4568 2753 842 466 849 1048 2780 
256 1417 4670 71 3765 2435 1517 2292 771 1812 
1291 1092 3561 1916 3445 2485 4160 3710 6 4869 
159 3309 2688 289 3348 2228 680 3663 3573 1904 
4421 2479 2655 2211 4582 1132 702 181 405 1831 
1754 4697 3675 912 4959 832 3226 3313 3048 2348 
3345 3582 1629 1150 2824 1664 125 4591 4889 3989 
4670 2184 4941 2228 90 4460 2348 945 3754 4895 
886 4975 395 3822 256 3652 2043 2018 4531 3128 
4164 832 4120 3171 3710 4469 2485 4301 430 4731 
2481 2694 4761 1315 4382 1824 4100 1645 4575 2456 
2089 3996 1010 4808 3797 1444 2003 2451 758 379 
1220 2811 1925 4763 1504 2226 3712 3523 3995 3078 
181 2645 2559 2285 3901 1525 4981 2716 3103 771 
848 1660 865 650 2002 771 4767 2184 4282 4460 
4985 2724 818 1970 1291 1351 4441 3999 4896 233 
3870 1035 3184 4896 384 1165 2775 87 1961 1100 
2881 1311 604 4469 772 2058 1376 4127 1151 1200 
1548 3802 791 928 1505 1062 3592 286 1605 3364 
3771 3869 1364 1166 818 1476 4433 4838 483 230 
2157 3996 3295 3550 3051 2713 1866 1081 2174 1886 
1639 2011 3429 1664 3802 3281 635 841 4875 3630 
1268 659 3251 4760 4894 3160 159 3238 2971 1708 
2368 3407 67 2214 1636 960 3285 3044 286 2132 
2998 697 3662 4896 1291 4203 1750 2304 2044 2088 
4688 2856 4645 1376 482 1568 2228 2713 3497 2015 
3016 2726 1727 3868 4005 4328 3741 615 2043 907 
4353 4052 1951 3128 2152 1925 507 2871 2683 4190 
4616 3358 3776 1305 2713 4990 4018 2846 4500 832 
4152 2647 3653 1868 1328 3028 4231 2691 2244 4586 
1809 728 4705 258 375 1733 3827 2885 2199 4613 
4808 230 2249 503 4642 2481 4505 3996 4683 2358 
1970 98 433 1086 254 2734 4481 3802 2035 3555 
1754 1593 3663 2378 207 117 1665 1770 3817 2481 
4575 383 2901 3072 254 728 1976 102 176 4833 
586 2729 3592 1539 2080 3508 2392 766 2645 4875 
4356 2903 4575 2069 3245 2968 3792 2714 1639 328 
4586 2853 1353 1629 4821 4956 1417 709 2035 1993 
1750 4751 4755 2050 3656 4059 723 3929 1230 1927 
2479 2726 2774 733 4238 637 3156 3919 1639 1731 
547 1639 2729 930 1700 2700 2110 3891 1323 460 
4755 3830 3910 848 1195 1444 4398 1010 179 555 
1282 949 318 3206 1718 4160 2553 4608 4713 1809 
3236 3316 3588 4132 3981 2017 3327 4876 91 2755 
3661 2353 2726 3675 2947 1603 4148 1912 2599 1609 
3184 898 1309 1561 2899 286 2945 4355 3845 1132 
2252 1296 1352 2371 906 1972 4617 3345 4688 1590 
2043 3436 328 1122 763 2004 4148 3231 2673 3829 
3964 59 2466 537 2039 680 1421 4818 246 2005 
3012 3128 2371 1848 501 102 1458 4882 2190 2871 
2321 2900 1165 2713 2980 4683 3506 163 3860 1655 
384 2716 1958 2002 1180 2980 3156 3392 2479 3901 
3261 2042 362 2906 3788 4524 3407 4899 2502 4646 
2542 1009 358 2481 1035 2846 2767 4152 4409 2617 
3216 4306 3513 2244 3028 3245 4139 3327 3319 4862 
4696 867 1379 3128 657 2287 2419 4153 505 4990 
433 4821 886 1092 3870 800 3796 254 835 1098 
482 1472 90 2645 4178 3259 4959 2980 2473 1118 
1857 3488 289 6 1476 1305 485 3477 328 3666 
537 4967 2663 4821 970 2154 2481 3405 116 117 
4398 3164 1760 4178 4085 1141 4841 1092 3033 1940 
3036 1733 1401 3246 4138 4253 1369 4421 3128 3687 
1127 736 695 1629 1151 3710 4275 2862 3682 1336 
1558 2841 1092 4882 1935 4487 3982 2290 3339 2648 
1502 1857 3105 4907 1639 2108 1779 4731 2806 4313 
2011 3904 537 2674 2716 1533 2859 2022 3962 4487 
763 4947 4190 479 511 3960 4478 3036 2413 4767 
4958 3676 2989 4004 832 4038 1161 3659 3996 4478 
176 1809 4688 3128 3694 1744 723 365 4382 1639 
3305 1059 1664 2070 4127 976 2976 4451 4016 3908 
1639 1958 4947 4033 328 39 2543 4486 805 2772 
404 4628 3545 610 4132 4184 3184 3250 4596 627 
575 603 1359 2093 4107 1505 2909 2539 4688 3016 
2432 4120 4163 4618 4562 1084 4394 3262 1507 3962 
3617 3043 1995 1998 1927 121 4005 1309 4763 3891 
2822 4965 1432 4031 1169 282 4923 2494 3776 4157 
1744 3897 4985 3830 932 4257 756 2846 972 159 
736 800 4267 3950 4776 204 182 1106 2622 1907 
4628 3688 4360 1489 3809 2844 705 3792 67 2527 
1629 2058 1464 1501 4688 268 132 4138 4049 2728 
4460 1641 4817 2251 1505 1389 4680 4608 4142 3548 
2690 383 4792 3484 4907 3320 575 978 2974 3216 
2601 3342 4128 456 3722 2498 4985 3971 1088 4299 
555 4879 2373 832 758 3926 1061 656 149 3723 
1003 702 4127 4469 2729 2514 1767 2251 4452 158 
3809 7 1304 358 2902 4295 3403 2733 1530 3351 
3561 3869 2451 2822 499 4578 51 2419 3941 4938 
74 1862 161 4889 3728 1630 2837 3232 765 2713 
2263 2133 856 1616 3757 4056 2050 496 2573 2151 
4004 892 1285 2168 256 3308 1733 4253 1310 664 
4984 3283 4941 1753 1475 3871 3780 4386 1476 3710 
3037 2530 4302 597 4767 1142 2963 3948 4581 2040 
3249 738 4829 4018 367 2885 4004 1468 4158 2235 
2088 413 4808 4361 3871 4753 1892 2102 3572 1907 
4259 2481 1041 1119 3747 1651 3797 2888 2042 1964 
1948 3479 2853 4884 2947 565 694 772 3635 834 
2251 4100 2481 2622 3787 1733 728 4983 1870 3688 
280 4178 3086 599 236 278 110 841 1507 1489 
1639 2763 4304 1557 2503 3356 254 98 181 2647 
3354 4808 1235 2456 4404 3545 3454 3299 3619 4606 
4197 2006 2281 3053 4995 4987 2030 3901 2152 1958 
1208 2902 4906 500 3595 2080 1177 3278 1711 4256 
3687 3548 4847 3237 1242 1639 114 3434 1193 1878 
2228 2812 3005 818 2615 781 899 4804 2930 302 
254 2199 2473 4990 3494 1265 2503 600 622 2599 
2080 1790 1639 1591 2151 2251 4688 3313 1285 4170 
1970 2447 4192 4525 2027 555 2142 4154 4306 2251 
1118 2079 3454 2119 4084 2449 4715 3210 1731 3561 
4985 3659 603 3040 1792 101 4045 4917 1104 543 
3430 2629 1482 298 4566 2816 67 1488 3558 3852 
4494 4451 2449 3356 4947 2126 3907 1845 1515 3957 
6 433 4441 2352 2190 334 1678 3798 4022 2786 
2544 555 4190 1320 1457 2447 132 2844 2849 4550 
4562 2126 3660 2473 4811 2042 3179 4676 443 4572 
3644 1876 763 4163 3871 3897 3429 4435 2157 384 
4237 380 2473 4154 1079 444 86 483 2481 772 
4680 1586 2080 3879 1000 97 2576 2713 3258 3161 
4973 1754 318 1838 4493 1044 3938 3497 3345 3584 
4749 1857 3645 4672 496 3136 4594 112 4401 4559 
3582 3687 2015 26 1427 2251 4132 4235 328 4947 
3710 4936 4196 1088 4694 1262 525 586 3987 2387 
1604 1169 4238 772 2577 4013 533 4251 3171 555 
2713 1868 4084 2218 555 3863 3670 798 3689 3140 
3387 1655 4168 1732 3910 3128 841 4158 944 3414 
256 3195 469 4231 600 4107 1629 3739 751 4776 
419 4804 2596 4734 604 3393 3826 2729 1417 2722 
422 3358 4303 883 4338 3006 530 2485 3737 2971 
508 3182 2689 2479 2205 247 1092 1790 1927 2142 
4922 3852 3377 1790 878 15 2921 3407 3037 973 
217 4043 147 4977 3135 303 138 2525 3754 4435 
55 2503 3373 4884 1296 3868 2470 2917 4178 2456 
715 2991 3792 1437 4481 2697 193 286 496 2228 
1328 2333 2187 1554 4841 790 3078 296 798 2863 
4938 631 2033 1180 4107 405 3930 771 3407 4244 
1601 3769 2866 482 3870 980 878 4801 786 3430 
4752 1937 3454 4413 1890 3086 3442 2230 4750 4594 
3558 2067 4448 291 3578 2481 2224 2152 925 1465 
4985 989 2449 1597 892 3345 4231 4968 215 832 
3268 658 3937 1820 1843 3258 82 4231 4005 3792 
4274 4729 1238 4154 4894 1098 4107 4808 980 4332 
1086 2399 3441 4043 2023 384 453 935 3652 771 
2117 933 6 3016 3999 1927 3582 2530 3722 1580 
3996 4839 2447 1066 3592 1309 1981 906 3216 4355 
2481 2399 988 2503 3512 3170 1953 4066 1188 2527 
165 3710 4146 3323 4487 2503 586 2974 2786 2599 
282 2840 604 1722 2016 4580 3285 3896 3788 1342 
121 2822 2804 976 3467 2213 967 2014 1151 3599 
3777 2839 2348 2479 1249 3710 4766 2655 724 1904 
1951 4773 2011 3986 3216 4547 1173 2071 3675 4108 
2462 4325 918 1584 2280 1699 4820 771 2012 736 
1733 1970 869 4004 1098 2697 2141 1930 2842 585 
4750 1379 1295 3712 3888 3052 2936 2481 2688 508 
1651 2310 1957 4460 1974 2891 1639 4057 1376 555 
570 2449 320 763 841 1143 3897 4158 2194 1376 
1588 3586 2604 2776 3869 3184 3086 4197 3723 1564 
4342 4390 2811 2758 1692 3277 4117 1797 1958 3489 
906 4153 3630 4349 3742 320 976 1345 2219 2860 
530 3410 2881 4027 2016 2121 2146 747 2127 449 
1813 2187 2432 4168 3020 1639 4575 404 1922 226 
1010 4967 3659 892 2704 273 3553 2954 863 1678 
2015 774 1639 282 705 1834 44 3230 2108 4715 
4499 1971 1857 1885 1987 71 4692 1046 2443 2428 
4739 1255 1462 3589 2683 2974 3185 3174 414 2006 
1272 555 590 4812 4150 1347 4605 67 2830 3677 
3493 117 1361 4178 2304 4390 3040 254 595 4715 
3660 1958 2447 67 2055 683 3561 3868 925 4900 
947 599 1788 1505 4047 1790 980 2263 3269 2152 
912 1332 4274 1629 4520 285 4884 469 3803 68 
2035 3928 3037 388 1909 4478 1978 1738 884 2726 
4960 1890 1828 1032 1568 3089 1040 3567 3102 4122 
2419 3087 2988 1224 382 4899 4347 2744 3454 384 
1098 1760 1630 2126 1309 4695 4715 2108 2481 1857 
2507 3341 2833 1951 4204 3523 3198 3060 25 4582 
127 1629 1545 4348 4457 3093 4804 425 579 2387 
2168 2563 102 3093 4535 1381 2202 3270 4085 4384 
4160 430 771 1754 1338 736 4591 3010 3928 3454 
286 4138 4808 3846 1750 1821 1639 3929 2946 4386 
4660 4203 2738 3880 840 2755 1098 2287 4975 2509 
3296 1925 2479 1588 1639 2819 555 3549 1760 2227 
3965 1450 405 3184 149 2588 586 787 2280 302 
568 2481 4127 886 1604 4289 4821 4973 3447 4478 
3563 2449 430 3967 2822 4259 3741 1930 2551 980 
384 3586 2928 2228 4923 280 3170 4842 989 2190 
793 3828 4582 2100 2988 384 4202 2853 2199 1867 
4487 71 2683 665 1127 771 2759 2960 2165 383 
2864 302 3602 1970 4716 2361 2803 3418 3052 815 
3771 771 4192 3885 215 4985 555 82 2481 372 
3040 4142 3497 709 578 3929 3184 4452 2798 4566 
970 3701 1800 90 1581 4110 1732 1329 978 4962 
1711 2445 126 419 3206 3349 1103 166 2080 1732 
1682 683 3037 3429 3377 1653 3295 4641 1476 403 
4178 1923 4009 4142 1476 2018 700 3690 4211 4676 
4517 2280 4882 4595 3636 1328 2094 4178 3793 98 
1639 3954 117 388 4893 3991 1033 1296 2371 112 
2352 1319 2132 4821 121 4668 3610 4205 1262 3937 
373 3710 4184 2481 4670 2071 1790 2538 2207 4832 
272 1168 1384 723 4947 3650 699 4885 2822 4190 
4939 373 1641 1518 3093 1505 4283 3545 4163 1722 
4441 2284 1176 1372 4905 4484 878 5 4323 74 
358 3827 2152 2286 1724 2479 82 4767 4231 4808 
4936 280 771 914 3304 3929 2126 1197 1447 3624 
1575 1639 112 3115 2971 358 4939 1180 2801 3060 
3028 3334 2888 2728 1846 1970 3951 3710 3146 1722 
3965 215 3592 1949 4185 358 1769 280 4523 1854 
3562 4306 2217 3225 907 3137 4287 4238 1092 3282 
3548 3033 4122 1770 3593 4329 4386 117 3597 2327 
3630 1809 301 1604 2770 177 4531 3908 2851 4631 
4808 3333 4057 4926 3179 1639 2143 1645 1956 4425 
599 1609 4789 4630 3785 829 1618 916 3535 4142 
15 4089 3371 4646 2462 347 552 1968 1505 1927 
3701 2905 2432 947 371 278 3559 3493 4027 2729 
3393 1200 3192 3323 2369 433 460 736 2786 2441 
590 3307 2166 1778 499 3389 3996 3979 832 342 
2163 3309 3184 2098 3551 2157 2208 85 1609 109 
4900 2657 3937 1315 144 537 3822 4474 1476 1992 
1458 1123 2574 3138 1970 3202 4009 2092 3895 4184 
1169 4632 496 2849 1627 2030 4967 736 2157 4253 
742 2481 473 3174 2348 444 1639 4469 2947 3984 
3144 1609 71 3029 4913 671 883 4452 4976 2683 
3249 4419 2716 328 2361 884 1629 1140 3867 4082 
1559 468 1630 4669 3305 3897 4781 4566 4474 2373 
3901 4841 343 511 3429 466 3175 1926 570 1639 
1360 4404 2043 895 3412 3809 2530 373 358 637 
1655 1003 3870 1949 735 1353 2071 665 787 2148 
4896 3728 916 4745 2228 1000 1789 3416 1060 4347 
3128 511 1430 234 4087 2422 1444 3373 3309 1555 
3869 1166 1088 1046 2844 3567 112 1400 4126 2846 
4178 112 2428 1754 4836 2171 71 1917 4889 4403 
3687 832 986 3542 201 469 3710 3645 4005 1328 
2716 3701 4709 2567 3710 4642 1372 3508 4947 1285 
3555 1608 61 4468 144 2473 1629 384 4425 1304 
4298 4259 3828 4591 1283 2226 555 568 2096 856 
1870 1768 3996 2152 1614 1360 3289 2633 2814 2844 
4811 1178 906 1400 984 3239 690 4886 2697 430 
2247 1870 343 2768 3463 945 4841 2307 2003 4525 
4808 2022 1770 1639 1395 2530 4379 1268 543 1389 
4316 709 4884 2152 582 4184 2404 1264 798 1970 
4487 730 1717 1449 764 2177 433 1307 3005 4965 
1565 1232 3891 772 1352 505 832 1043 4059 4120 
3870 3779 2544 3695 301 3046 4486 3568 622 4589 
1725 1326 328 680 3929 3402 117 1629 293 2503 
2566 2080 2729 3442 4276 433 1369 2567 3040 1166 
2430 763 882 293 2971 2601 4938 4811 2670 3829 
4896 2538 2576 4751 939 662 3367 3595 892 1561 
4172 951 4206 3710 916 4617 4360 1489 2539 3010 
4868 97 4517 4022 4038 2003 3954 4894 3167 723 
119 2527 1527 2179 3216 1868 3741 1437 3538 2716 
2780 3258 4660 2775 3930 925 1146 425 568 4425 
4592 3802 2716 505 530 1639 3113 1180 823 627 
2713 1984 1245 1483 1961 3957 2307 2042 1339 328 
469 4065 4743 2849 793 4186 1616 4274 2540 3551 
852 543 4572 555 318 4340 653 3491 3493 256 
841 3718 387 320 4057 4290 3830 1046 224 3128 
4001 771 3924 1209 3710 2710 745 3454 3032 3780 
3675 4889 2851 736 1417 3439 747 4005 758 618 
472 4158 3489 3100 4100 1465 602 2595 2226 2127 
3128 3207 2152 444 4087 709 4907 2350 3202 2553 
3295 1386 1859 3316 112 431 3937 53 1081 4799 
2117 2278 4524 4226 3241 2849 771 525 993 4325 
1629 358 763 175 2583 3635 933 1112 2007 1819 
709 530 4452 133 2341 1639 1444 2992 4776 4276 
2875 3661 4253 1415 1489 1300 1117 3687 4338 4464 
67 4894 2959 4693 3874 4428 102 3528 4962 1725 
3128 590 1360 67 6 3537 1444 1639 3771 3971 
2070 1264 1180 537 98 2643 3249 4094 3250 1123 
1059 1639 3802 1722 2550 3852 4990 599 916 2688 
1800 3710 2481 4144 3258 4543 3407 2823 2909 405 
3902 275 1458 270 22 1932 21 1232 4178 4349 
1417 3829 3520 15 3255 800 2952 2102 3228 1591 
2067 471 4176 2314 443 3454 4276 1684 132 1697 
3388 2432 3193 4750 1449 1073 3840 2014 1892 3157 
715 752 3255 530 1489 4923 2715 3303 659 3588 
2713 3236 383 1866 47 2811 2666 3929 818 2966 
3447 1177 1862 3732 301 1309 3712 3247 4441 395 
4947 2520 4965 1970 3803 6 3366 3156 1894 4750 
2617 2108 4713 677 989 4102 133 3841 2729 4582 
2399 4905 695 883 2869 1350 4525 3554 2187 311 
3275 469 3911 4197 3561 3972 4109 4484 1505 4059 
1019 4642 499 4142 1353 2449 1444 3734 3852 4190 
4292 3454 3893 4581 308 1166 1295 3199 3431 1916 
2753 1502 2911 2035 4315 2147 1831 4038 4460 3351 
1876 3445 1264 736 3589 4740 1411 485 3582 1372 
148 3769 2293 1568 1330 2672 3971 851 1208 3273 
2189 841 149 1300 1188 1715 1013 3179 1616 1141 
3233 2859 4947 974 945 3912 4031 735 2205 4628 
422 140 2227 2473 2716 884 1282 269 4906 3240 
2439 882 1437 775 3308 4909 3634 1153 4657 3999 
1639 1760 1878 41 2096 3173 3312 4020 182 1432 
848 3313 2660 800 1917 4213 1507 4965 1559 1639 
4108 3580 3157 2655 4581 1462 1907 4402 4896 4790 
2397 1300 4276 2563 4997 4202 869 2728 2317 1780 
1285 3869 2821 4743 2192 2199 3154 3561 2079 3661 
4768 4864 1614 4084 3128 325 2728 832 1790 3491 
3957 3634 841 3323 970 2420 533 178 2072 1733 
343 389 4321 4427 4591 4192 4902 2449 679 383 
822 590 1430 2341 2647 275 4311 4404 3410 3404 
1282 3093 485 3582 119 4814 2108 3609 3052 3036 
280 3865 1304 2473 1817 3982 1568 4043 2670 2539 
1360 3957 4588 1831 4150 1092 2000 1132 962 2775 
2728 2860 280 1754 1718 4004 1857 4001 182 1609 
3216 1296 2503 2538 1083 1904 4448 2930 1917 199 
2786 1502 210 4955 148 2006 1353 4004 3506 1465 
2055 2143 4140 1400 3563 417 3581 2365 4067 1153 
974 1296 2670 4550 2886 280 2152 1972 887 4032 
4572 4252 537 3702 3933 2025 4196 1910 1680 2996 
3710 3802 4331 2729 1750 1981 4073 2816 1924 2375 
2205 2192 4818 3005 1721 1472 841 117 3827 4178 
4767 2304 37 1035 627 3405 4749 3407 4581 175 
3184 1614 3323 4763 2449 4378 1172 3644 120 2697 
3039 4896 4225 1697 3722 3474 3393 2670 4168 4160 
3727 1566 4531 1046 1561 3053 4591 3710 646 1976 
3710 112 4982 3333 2740 4085 1110 4817 1925 4973 
4626 358 1624 2481 1216 4032 680 203 1542 1591 
2119 4318 4073 4984 709 469 1838 2125 2947 2508 
4709 4441 4100 4818 4591 117 1723 1133 3402 832 
666 4939 4767 3145 4110 4962 4582 2405 1624 1069 
256 1857 338 1838 3930 433 909 3893 715 1294 
2827 3121 2585 1376 2728 1471 3105 4907 4659 1444 
769 2674 3516 1602 2837 4468 4208 2920 3992 4955 
610 4910 3128 2051 1834 303 433 18 3459 4057 
3996 4238 4545 3335 1470 302 3288 1180 2683 3393 
1573 4469 2648 3306 3087 3477 328 3996 155 4626 
1413 1032 3009 3375 605 3288 3318 2955 3628 1361 
980 1206 3461 2574 2633 272 1118 2447 1732 4962 
3285 4404 1964 2176 275 232 2703 4039 1870 1204 
1733 4504 2143 2844 3245 1602 4838 4178 832 3393 
405 3405 1091 1819 4854 1708 4628 3202 2011 4400 
289 1733 4531 4461 469 1274 784 4260 1387 1939 
3307 3040 1188 254 3493 752 4736 886 661 4894 
2352 2071 358 2022 2375 860 2373 2177 524 1350 
92 436 887 4259 2127 2846 1372 1838 384 4583 
1800 3052 947 659 3941 806 4441 4931 4097 4997 
4660 2700 4176 2219 4433 841 4529 195 4107 2503 
485 3888 3157 1845 1092 1188 4142 4790 4012 645 
4493 175 4406 2042 4808 1629 1750 1212 3216 3797 
419 2846 1285 3128 306 544 428 1081 4038 4896 
1790 384 4004 4885 766 4161 1091 650 3289 4564 
272 4894 2819 3690 4973 916 3795 2481 4408 2688 
1811 1937 3395 4283 1609 2988 973 3182 3771 2428 
3797 3275 790 590 3720 67 3128 3852 2348 3033 
575 1327 3233 590 2712 1166 71 4941 4671 2006 
3710 832 709 1974 4267 590 433 555 3308 2375 
4572 771 3348 1110 2688 254 433 2759 4586 1023 
3308 815 3502 3663 4233 2626 4852 1166 1302 1917 
2714 3171 800 1066 2755 3985 3988 2966 4936 3016 
1147 4862 3367 2173 2615 4005 2479 383 2080 1961 
1372 2087 1117 1497 2 2284 1489 522 303 4441 
758 3156 358 2006 4531 137 3545 126 787 659 
3840 2326 2096 67 1265 1015 2634 3102 1571 2728 
2213 691 4822 112 3657 2251 2449 4850 4468 1066 
2162 4586 1946 1790 4876 4799 555 2992 2379 2681 
2647 2354 4988 4178 2413 384 1848 1867 2800 2006 
832 2860 4753 4578 2260 3737 4140 790 3197 2492 
700 4461 4976 4140 728 1492 4051 4680 1064 4578 
4930 1418 2267 4525 1976 2058 1123 758 4015 2481 
4107 2713 2562 1153 4097 159 2401 595 2143 367 
2050 4649 4590 453 3728 2837 485 2696 2280 1494 
999 2667 4618 3007 1100 194 3848 789 2860 3545 
4796 2479 1389 3001 3977 4332 1741 1444 4169 3741 
794 2731 441 1704 974 3106 2387 4355 2515 4176 
4499 2615 1180 3344 2514 575 1118 970 4451 2804 
4087 4907 4905 4421 4390 4073 3517 2111 388 86 
3782 4582 3902 3852 3550 4434 3502 1043 3033 2888 
3128 993 3779 2219 4187 1914 3573 3955 4178 943 
3710 732 2199 714 980 2560 86 1639 1446 1173 
2703 404 2636 1866 543 3555 2120 646 3197 1639 
2745 4325 372 4808 3134 405 1456 1764 758 714 
4646 4044 425 771 4960 3702 3603 2473 2084 3769 
1412 4266 857 3977 1958 4595 3318 2860 3805 1049 
4473 4031 2275 1661 595 373 3636 2226 1961 1561 
744 3710 815 4474 4541 1232 3087 627 4266 3185 
702 657 393 3269 311 872 699 3486 383 2683 
3986 3923 3710 2559 24 569 405 3777 4922 1611 
3982 3870 3128 4325 373 728 1361 829 1832 592 
4394 4661 3488 4262 3937 2050 832 1347 4795 289 
4889 2331 3197 821 3529 4604 832 3802 1318 3091 
3919 2187 3555 3710 942 3128 3922 1049 67 4583 
2425 2812 2843 1102 1097 2350 256 2241 909 2567 
4517 3196 4975 2280 2354 425 2821 1925 4152 1081 
4842 2473 3516 1490 1376 4059 3824 2710 3614 1256 
236 230 4292 636 4821 2096 4452 345 899 1719 
1932 3310 230 3869 2683 4725 4990 3504 4688 570 
1553 3258 3126 599 468 299 2683 582 2053 3296 
1448 1092 358 1721 2728 907 590 4400 2321 2513 
4220 1232 1265 2560 1639 3393 3955 862 468 390 
469 1525 3855 3710 2421 3960 1608 980 2690 555 
4138 3156 137 3702 3138 1372 3261 272 2122 2203 
3167 4808 2788 3438 1525 4481 4663 2860 2428 1857 
832 4317 661 3023 1123 1002 1561 2645 1801 1764 
1679 3488 4184 1616 832 1489 469 401 3911 419 
2321 1296 3802 2677 405 2162 256 2108 540 4586 
3602 2634 930 436 1180 2169 4152 4267 2076 3459 
2902 4178 2728 2369 639 4448 795 2656 444 2945 
444 4896 1372 586 574 993 328 2417 3185 2435 
2263 1948 383 2012 2858 4524 18 674 752 1450 
1661 3652 4043 3430 4187 4011 2327 3354 3501 405 
3997 4745 1419 4140 912 3869 497 4343 1809 4968 
3249 482 3824 4176 4259 372 4883 1177 1760 4184 
769 967 305 3136 2726 3483 2905 1601 3367 2716 
4325 4582 4186 4487 4298 3702 2866 3332 4015 4087 
1629 67 4474 2683 2423 3379 328 3600 4889 2980 
1639 2259 119 2715 2177 2447 2326 974 4261 1961 
3021 1092 1655 705 1502 2462 832 275 4640 2642 
1118 2953 2633 4751 3024 286 3003 4822 367 2189 
289 4107 4811 4031 2102 2481 2715 4630 3911 3024 
3337 3406 1232 3785 1885 2304 4783 2473 4616 2423 
2783 2225 2307 211 2417 2244 3127 1502 811 383 
3671 368 989 523 3289 3249 2661 4774 3709 2786 
1476 1639 1629 4783 124 3406 3351 847 4586 2228 
81 1495 4257 4905 2713 2811 537 2071 2639 728 
3335 4939 3407 2686 1602 2704 2165 993 1283 1446 
3949 1716 1111 4582 112 2645 591 3874 1081 3202 
1280 942 3937 2006 3964 1925 815 3840 2489 4150 
1224 1462 3846 4607 2308 4364 3561 692 4960 3710 
1808 906 691 3386 3890 302 286 2428 555 3822 
3589 4558 1824 2798 920 1118 1663 1272 3486 2071 
1639 4559 3256 2888 2135 4356 1475 3979 2143 449 
2023 132 1247 2479 1817 2635 2369 2295 444 1021 
505 4334 4863 4254 4531 2726 1664 67 2260 3128 
878 4107 2126 1180 2112 882 4473 3888 3249 4452 
4005 4575 3137 883 2822 903 3556 3249 1132 2947 
2169 117 2901 4304 4469 384 2315 3710 402 1795 
3845 2479 3128 133 2428 4274 4275 3362 4745 1630 
3351 2191 1672 4947 758 2993 2084 3889 3285 3545 
1081 2117 1180 841 2481 2449 2006 3785 2457 3650 
4175 4469 4997 3937 709 3308 4055 4379 2849 1489 
906 1555 3114 3377 2305 3802 1545 508 1456 4744 
132 3245 980 720 496 818 1417 1489 405 4452 
3339 345 268 3313 2251 2576 2988 2683 1409 2525 
3184 3710 3285 1809 1583 383 1296 4158 4517 1525 
4546 1866 3309 1639 117 4095 456 2065 4034 1061 
3033 3366 1373 153 1387 3243 3119 4981 2869 1495 
98 322 882 1958 2728 1882 1291 3454 4199 3803 
4107 2447 105 1305 3490 857 589 796 4035 775 
3405 3792 2989 2115 486 978 1907 1135 3228 482 
55 4763 882 3306 4381 2655 3219 4547 4178 2771 
977 1296 592 3712 3997 2481 4178 4162 1813 2733 
2127 1208 3966 1224 1884 4986 486 1339 3661 4041 
3893 4628 4739 1331 21 2420 3300 230 798 4740 
183 2035 4808 4930 4632 443 1328 1653 1518 3052 
4405 2784 849 2732 137 380 2673 876 3105 358 
1291 2816 999 3275 444 1456 2495 3251 443 4581 
3603 3919 4022 3443 4697 947 1588 1639 3659 3275 
3901 2853 2786 4122 1958 883 3007 4282 2311 3185 
3308 1360 965 4283 4587 892 1629 4161 436 258 
1091 75 945 860 3837 2378 4384 3484 4918 2187 
3445 954 2763 1395 4400 2485 4939 1566 1276 321 
4107 4875 683 1857 416 3996 408 2632 1060 2156 
342 4894 2907 338 4197 848 4004 433 3656 2865 
2554 4895 4954 4102 2786 3477 3687 1591 181 869 
4808 4688 86 472 2307 3840 3548 2033 3602 912 
1553 4394 280 3497 2331 3457 4379 4642 3545 2673 
3214 2713 1760 4244 1672 2947 1692 375 818 1614 
1533 2126 2860 2212 1862 1476 4987 3718 4429 1574 
444 1603 2439 1379 4679 2503 987 1010 1616 2889 
3550 1554 4027 4015 677 3999 3530 4731 4127 398 
4774 771 55 1262 4306 599 3996 1971 2884 1334 
4190 1105 1304 405 2098 278 3142 1645 3545 2627 
3972 2864 4266 4543 1580 3797 4559 3844 3957 4355 
1559 974 1304 444 2055 2753 4954 1483 29 1123 
444 3897 144 2713 2809 433 3852 91 3170 884 
2713 293 568 3040 1377 758 3911 1834 3558 1098 
949 3754 184 2102 3156 2163 3848 3410 4617 3688 
1000 1110 978 687 1806 323 1505 3157 4470 2050 
1694 1479 679 2666 1834 3172 835 4144 358 505 
4270 3948 4646 950 3348 981 4910 3492 2884 1420 
2947 2304 1098 86 2945 2552 2804 4310 2716 1032 
1857 1373 3957 3421 736 632 131 980 3710 785 
4894 1899 275 289 2490 2070 2315 3342 1179 1668 
501 882 2580 2602 577 729 3833 1842 182 2970 
4259 2715 1208 4158 632 4896 4329 1272 3632 1491 
4185 4904 4889 4111 2251 4816 1285 3016 2228 2214 
2071 2728 771 4329 4867 4572 1629 2055 272 44 
2703 3985 1505 2786 3037 828 2228 4840 1764 4148 
4005 2688 449 4487 2473 2520 2715 384 882 1591 
4238 4705 841 1444 928 2729 4197 479 1377 3959 
3173 98 3455 3817 3028 4874 358 3852 3128 4886 
2599 3385 1066 889 2449 2864 3309 4202 4184 719 
2713 422 2138 945 4057 2299 4751 444 4825 4645 
1588 1345 4378 4400 1917 2901 1415 4985 3410 4152 
4158 286 4005 1262 1754 733 1049 3731 2554 4978 
2343 1764 2718 1353 735 775 1957 1616 331 1554 
1790 3438 974 328 4817 166 1418 1857 2688 3652 
3880 2263 736 1049 2860 2046 1098 4095 3996 1618 
455 4535 358 586 3957 3006 433 989 2087 1639 
2726 3813 3870 4586 2511 1662 2713 802 1108 4487 
2006 790 3718 1836 4613 3488 101 1538 75 3041 
3840 4098 2596 4032 3896 3391 1472 4982 1093 272 
1180 674 1719 2080 4192 4343 4043 2645 2683 2971 
2185 1761 2700 2703 3254 659 3258 2211 2451 3163 
1768 3979 119 2002 715 194 2220 3508 1042 1639 
2252 2667 784 1064 1184 1285 49 1730 328 1609 
1046 610 2397 3592 2626 1885 590 3710 3869 2190 
962 4468 4805 2479 137 2280 2988 884 3555 70 
3650 4756 4454 2538 3937 3710 3644 2633 912 1258 
3128 2221 4005 1525 4820 3375 4593 2704 720 1300 
1639 3919 2251 1848 2016 4964 3156 586 1813 4522 
1052 3268 895 3893 3630 525 752 680 2763 4248 
282 3286 4663 1800 3057 3702 2950 2018 955 466 
3454 1882 680 4583 2716 4564 3438 1819 244 3354 
2634 4706 4501 232 1183 800 262 4238 4052 2006 
289 4781 3710 3013 62 970 4473 3065 4755 3454 
3926 1639 3052 87 3765 2087 818 4349 2869 1745 
4969 1639 2042 765 1728 3351 3040 2527 570 280 
4107 145 1092 4956 2983 2831 4985 3563 4197 2723 
1059 3561 3407 1154 4024 2713 3852 2514 3366 4487 
2864 1586 1066 1525 2826 4871 3792 4818 880 758 
937 428 4638 425 4347 3523 3037 2114 980 3868 
1426 159 1605 2343 1870 2961 90 372 1657 747 
2187 715 98 258 590 4225 3526 694 482 3880 
2853 3366 4698 3278 2728 2321 256 2606 116 2691 
2853 582 425 2004 1282 2871 2371 4868 1284 723 
4784 2087 3602 2355 1465 2753 857 3991 4160 946 
354 372 4073 2729 1971 389 3788 4379 763 2456 
2661 3523 117 3326 469 4839 2397 1653 26 1410 
3545 2498 1147 1665 328 1263 1586 715 110 530 
3033 6 1465 2980 3853 4808 225 4990 3833 981 
4947 4930 4404 3771 3320 2155 4767 3276 644 3454 
1521 3501 2785 2503 3195 3551 4163 2525 1326 1505 
736 2574 1870 3354 2974 4656 3754 1272 2065 499 
4588 2525 1232 4808 1629 821 1866 1188 2982 3285 
1072 1616 3555 787 1639 4793 4390 3949 2755 857 
3040 3828 3288 2415 3845 3610 1098 240 1296 711 
4153 1488 1992 1360 1372 1614 2929 1381 1145 1715 
11 2613 2035 2647 516 4478 1041 1127 1900 4887 
4152 486 4259 4353 3102 2968 2417 2476 1879 4691 
3710 1200 287 1855 4896 3868 3871 887 4497 2695 
393 3854 384 936 4672 2205 729 3941 3037 2184 
3902 673 3403 132 758 1890 3718 3661 384 2988 
4801 4572 2120 1232 338 4768 2626 2071 4908 2608 
280 3919 2115 132 1753 1575 4617 4550 3232 4804 
1661 1601 3177 718 2448 1245 368 2030 175 2417 
3397 3545 586 4168 1664 3278 286 2035 1377 862 
4930 1809 1943 766 30 544 1468 1188 1161 987 
262 3323 4715 3308 3710 970 2742 444 463 2142 
1857 324 3661 1121 207 262 2716 4896 2708 4508 
2716 2703 989 735 1488 3513 298 3093 3285 404 
3868 2199 1823 2004 4596 456 2734 3544 4896 4817 
3172 485 1098 4257 3348 1817 4316 2389 373 1256 
1857 4967 328 3915 430 3957 3788 523 4268 2614 
4613 4031 3821 1639 469 2860 1123 764 1382 3869 
1393 4274 275 4178 3258 1907 2018 3741 4140 1500 
3827 2151 892 2559 331 705 499 3925 2848 3255 
4082 3407 4988 1698 1487 1304 798 925 2514 4985 
2697 2633 4646 3402 4115 4378 856 4059 577 2903 
2442 2126 878 4691 4142 2274 4808 358 2191 2530 
1417 3996 3208 563 2228 3469 2763 3074 3550 501 
328 3516 194 1591 1861 4610 1103 4960 226 2350 
3040 4408 4356 2261 2126 3033 2672 4402 4813 729 
736 280 3333 4909 2871 814 2369 4660 3771 469 
3880 4841 3653 758 2423 4175 3200 384 3034 4005 
4582 3217 1639 800 4168 2559 4051 4560 2603 1326 
1639 4709 1076 4192 441 1675 3950 4085 4641 3374 
444 15 2168 2497 1475 1616 1284 3406 1613 4896 
1476 145 1242 6 2527 2369 758 1989 298 3532 
2352 1564 1127 1000 1089 3157 372 3876 1847 3641 
2511 1000 1639 4379 4071 86 860 232 4304 4572 
1300 2483 2216 2786 3352 882 1639 1832 3445 854 
3632 2244 1294 3023 4586 2473 4382 3919 1761 4499 
4990 3405 692 627 4474 3548 3226 1907 3532 892 
2473 98 342 1098 3497 4531 4583 1279 3865 4532 
2147 763 2674 1353 4163 549 1476 2684 829 2900 
4808 841 2064 610 959 3211 2702 4433 1132 2738 
1475 1671 430 3710 1561 645 758 1135 3897 4499 
3273 4896 892 4586 2583 1110 1723 2607 1616 199 
1264 2977 2080 395 2071 338 1862 4767 3341 869 
4087 4425 841 3221 2042 2713 1813 3037 184 758 
3428 1224 2042 3216 3530 4900 668 2476 4605 4032 
2878 2544 144 4408 782 555 3965 2843 998 1573 
2704 4171 3016 4002 970 2585 3908 4032 2683 2420 
1201 3590 1472 272 3366 332 4725 883 4793 2022 
4460 1476 1117 437 2763 1651 2484 6 4650 3561 
3033 1956 4140 682 4481 2481 947 2974 3016 792 
2016 2901 4443 4214 4630 2544 383 1629 1415 4124 
3507 3859 3282 4564 1845 3687 2080 1639 3710 2 
2449 649 1518 3901 1704 952 484 2846 323 2823 
67 3485 1764 645 2473 851 4138 4469 4586 503 
1958 818 3248 262 1492 2162 2784 3659 3914 2608 
1224 1285 2228 4013 912 1559 1066 2439 4178 3517 
2126 2701 4276 3748 2035 764 3419 882 4430 2030 
4142 4114 980 2634 1105 1322 4847 899 703 3406 
1188 262 1573 3102 1813 3138 1174 1265 2016 1527 
402 463 1526 1842 3156 1830 1104 215 1347 3516 
2688 1758 4776 2728 1591 1639 1253 4494 1231 1430 
4896 1725 4428 3121 3499 2742 1819 383 2589 3195 
3482 988 4487 286 1558 2037 577 328 3636 3355 
4484 2369 1314 4984 4491 1777 3016 886 884 4875 
3769 1718 3058 4967 4059 4930 736 1624 1444 2980 
2082 2263 4975 199 3682 2352 1150 4740 2247 2100 
1659 1300 3792 3659 2947 3852 1154 4650 3024 3095 
1810 1074 2839 3037 3312 2184 1550 841 1866 847 
2633 4969 4973 4035 2447 298 4794 618 3771 2297 
320 4409 286 4749 4474 4577 4390 3160 2875 2473 
430 3128 2703 63 329 2627 281 1645 1857 1639 
4596 1962 4793 2820 2041 2525 4325 4062 467 215 
3586 2713 1283 4572 4840 2716 3661 320 790 469 
3033 1607 485 108 714 3506 3831 4243 744 530 
26 637 3345 3275 1372 4126 2645 269 618 1727 
4181 4011 1105 2014 4997 3885 800 468 405 2334 
3661 3156 1857 3497 2190 328 3996 2849 2476 3243 
829 4768 1296 2470 2980 1696 1591 3320 1602 4568 
289 2154 977 4572 1760 967 3037 3996 3688 2688 
3445 1750 2087 4774 3551 894 2527 3856 2264 3506 
3202 4616 1927 2849 835 1917 4404 3964 2321 1664 
1384 800 2527 1797 1097 4322 1761 4253 1283 1505 
2822 1196 947 1845 49 482 1884 599 3710 832 
486 4967 2432 62 4226 4187 2763 391 1373 832 
1393 1037 602 4259 3802 1872 2009 2856 4056 1066 
4633 4057 4487 2399 1553 4027 320 1932 4408 2018 
511 1328 4671 1568 3192 3937 832 4808 228 4266 
59 4501 81 3662 133 699 1435 1817 1907 1759 
3867 2989 928 1317 2382 4056 1497 2728 2174 2664 
3927 343 4985 2831 4107 1333 728 3086 1664 790 
575 945 112 3245 1802 1309 4508 67 1772 469 
77 1000 277 2018 2670 2816 142 1180 4202 3202 
4979 2601 121 857 3207 3307 384 4616 2594 4001 
4577 2449 1123 3548 137 3087 2293 2311 605 1387 
2072 2229 3697 789 3406 657 1627 2638 2864 2071 
1916 4863 1307 3022 3741 2694 1721 537 1476 3874 
4808 4897 3869 800 1092 574 4452 4004 2703 4138 
3893 3780 3687 256 1882 3309 2688 1165 1309 4849 
2798 2633 4982 892 4894 1553 3276 2519 2959 912 
1639 433 4578 3833 4005 4178 505 4512 3771 3342 
709 289 2241 3566 86 592 3037 497 4743 3421 
1715 1475 1819 308 4487 2184 1103 4378 4960 3825 
758 4973 2451 2485 477 4808 2355 4512 4140 4867 
3952 4632 4896 4142 1442 3037 2044 3540 2158 1376 
469 4832 2224 1825 659 884 2665 1060 2029 4808 
3996 2608 4981 599 4755 4132 2648 4413 899 1788 
4193 2515 2576 3125 1750 3529 4591 4821 3202 1415 
2713 892 1207 3840 131 621 2871 272 4092 3177 
3796 3243 1927 3710 2839 2404 1091 1950 4247 822 
1999 792 3650 2692 790 3393 2385 4646 3125 1844 
2683 4348 4004 2422 3897 3021 1651 1098 278 1882 
3919 3499 1609 4055 1086 3901 121 2968 3091 3497 
4355 886 1360 989 3656 3954 3896 2894 3929 1809 
2819 4804 1116 4613 2481 1159 4302 602 430 916 
2449 1639 4886 4149 736 1727 1952 4964 1066 4786 
2671 3609 3156 3175 1629 1223 4157 1572 1166 4170 
3901 3652 3519 4356 3570 2193 2152 1750 3829 358 
2168 589 2614 3788 1081 2890 311 2860 4524 2867 
3037 2226 923 388 345 108 1182 1066 3438 2449 
1845 119 2321 1096 469 1280 4847 333 3550 472 
1465 4110 4517 618 3537 1754 608 1180 3830 2583 
3485 2462 2464 3734 4896 3710 1648 4591 4042 3258 
402 1188 4534 1891 1809 3037 3634 3568 3158 1857 
1580 3144 3127 1347 2378 4883 2417 3462 2540 4486 
2399 832 4505 1816 3377 1734 3093 4572 791 2759 
2866 1309 3007 4626 1806 1981 4910 911 225 4005 
3261 1651 4437 3984 989 1360 67 1291 4499 1464 
2132 3048 3995 537 2481 2960 86 3320 3975 4087 
501 4960 4494 4196 3934 1505 3853 1886 1361 1664 
4575 869 1783 3968 505 2522 1956 4059 4839 3102 
1121 4745 3405 2708 1582 2858 3366 2764 55 4238 
433 4930 758 3545 3530 3163 1639 4543 322 1885 
3710 3157 3702 3645 2314 1029 709 2887 738 3966 
4049 841 4985 1198 1583 1970 3215 2261 4394 4578 
1076 4200 3780 4140 144 1578 4641 3656 661 4190 
3470 4031 373 1757 1147 482 3996 3914 1932 4688 
98 4306 328 181 4967 1245 3853 1476 4660 986 
4524 4460 3078 974 2389 738 1178 3930 3003 486 
121 1884 2050 818 2856 483 357 541 4265 4896 
2006 3313 980 3644 3407 1016 2633 2780 2563 4478 
2006 783 451 3582 2453 3659 6 1714 4057 230 
278 2932 119 4486 133 3829 3093 962 2864 3957 
4225 2802 296 709 4854 21 1154 3306 1197 3454 
121 2006 2449 4618 1958 4566 2382 2947 3103 2907 
1902 2142 3820 2900 544 1639 1424 2430 4564 4995 
3182 1533 2399 3125 4674 2688 2770 1629 2439 4985 
3652 2910 2016 2140 140 2773 1365 4188 2589 1976 
4386 4005 1400 3929 4790 763 1736 2647 3399 3941 
3436 4125 4583 3609 2221 1857 3797 4736 372 724 
2683 1300 377 600 4628 1227 1372 3545 636 1762 
117 4304 2670 2272 2688 3703 3128 2702 4713 389 
2716 1585 2375 4148 199 4808 4888 907 359 1958 
4947 4114 4896 3367 1629 3919 4889 4566 690 1932 
2877 537 771 882 1694 1554 3429 3182 758 1514 
3722 4531 1953 449 974 2853 4081 537 467 1186 
3867 1684 2481 2657 4917 1183 4905 2728 4437 1629 
883 4986 1180 4729 4947 2843 4840 2586 4578 951 
2245 821 3661 1037 3870 2856 3674 2214 775 1141 
2559 2187 3316 3315 2289 974 2989 224 3128 541 
951 4404 3403 2849 2369 2966 1475 4478 2503 74 
3792 1272 2214 4523 3033 3345 1970 4407 1318 1765 
4563 4947 4729 986 1724 2684 800 230 369 1134 
1252 860 4729 2348 2596 433 3530 2239 2947 3323 
